[debug] [2021-04-26T17:40:56.949Z] ----------------------------------------------------------------------
[debug] [2021-04-26T17:40:56.950Z] Command:       /usr/bin/node /usr/bin/firebase deploy --only functions,hosting
[debug] [2021-04-26T17:40:56.951Z] CLI Version:   9.10.0
[debug] [2021-04-26T17:40:56.951Z] Platform:      linux
[debug] [2021-04-26T17:40:56.951Z] Node Version:  v12.22.1
[debug] [2021-04-26T17:40:56.951Z] Time:          Mon Apr 26 2021 17:40:56 GMT+0000 (Coordinated Universal Time)
[debug] [2021-04-26T17:40:56.951Z] ----------------------------------------------------------------------
[debug] 
[debug] [2021-04-26T17:40:56.958Z] > command requires scopes: ["email","openid","https://www.googleapis.com/auth/cloudplatformprojects.readonly","https://www.googleapis.com/auth/firebase","https://www.googleapis.com/auth/cloud-platform"]
[debug] [2021-04-26T17:40:56.958Z] > authorizing via signed-in user (brycemclachlan@gmail.com)
[debug] [2021-04-26T17:40:56.958Z] [iam] checking project covid-table-675ae for permissions ["cloudfunctions.functions.create","cloudfunctions.functions.delete","cloudfunctions.functions.get","cloudfunctions.functions.list","cloudfunctions.functions.update","cloudfunctions.operations.get","firebase.projects.get","firebasehosting.sites.update"]
[debug] [2021-04-26T17:40:56.960Z] > refreshing access token with scopes: ["email","https://www.googleapis.com/auth/cloud-platform","https://www.googleapis.com/auth/cloudplatformprojects.readonly","https://www.googleapis.com/auth/firebase","openid"]
[debug] [2021-04-26T17:40:56.960Z] >>> HTTP REQUEST POST https://www.googleapis.com/oauth2/v3/token  
 <request body omitted>
[debug] [2021-04-26T17:40:57.080Z] <<< HTTP RESPONSE 200 {"pragma":"no-cache","cache-control":"no-cache, no-store, max-age=0, must-revalidate","date":"Mon, 26 Apr 2021 17:40:46 GMT","expires":"Mon, 01 Jan 1990 00:00:00 GMT","content-type":"application/json; charset=utf-8","vary":"X-Origin, Referer, Origin,Accept-Encoding","server":"scaffolding on HTTPServer2","x-xss-protection":"0","x-frame-options":"SAMEORIGIN","x-content-type-options":"nosniff","alt-svc":"h3-29=\":443\"; ma=2592000,h3-T051=\":443\"; ma=2592000,h3-Q050=\":443\"; ma=2592000,h3-Q046=\":443\"; ma=2592000,h3-Q043=\":443\"; ma=2592000,quic=\":443\"; ma=2592000; v=\"46,43\"","accept-ranges":"none","transfer-encoding":"chunked"}
[debug] [2021-04-26T17:40:57.088Z] >>> HTTP REQUEST POST https://cloudresourcemanager.googleapis.com/v1/projects/covid-table-675ae:testIamPermissions  
 {"permissions":["cloudfunctions.functions.create","cloudfunctions.functions.delete","cloudfunctions.functions.get","cloudfunctions.functions.list","cloudfunctions.functions.update","cloudfunctions.operations.get","firebase.projects.get","firebasehosting.sites.update"]}
[debug] [2021-04-26T17:40:57.194Z] <<< HTTP RESPONSE 200 {"content-type":"application/json; charset=UTF-8","vary":"X-Origin, Referer, Origin,Accept-Encoding","date":"Mon, 26 Apr 2021 17:40:46 GMT","server":"ESF","cache-control":"private","x-xss-protection":"0","x-frame-options":"SAMEORIGIN","x-content-type-options":"nosniff","server-timing":"gfet4t7; dur=41","alt-svc":"h3-29=\":443\"; ma=2592000,h3-T051=\":443\"; ma=2592000,h3-Q050=\":443\"; ma=2592000,h3-Q046=\":443\"; ma=2592000,h3-Q043=\":443\"; ma=2592000,quic=\":443\"; ma=2592000; v=\"46,43\"","accept-ranges":"none","transfer-encoding":"chunked"}
[debug] [2021-04-26T17:40:57.195Z] >>> HTTP REQUEST POST https://iam.googleapis.com/v1/projects/covid-table-675ae/serviceAccounts/covid-table-675ae@appspot.gserviceaccount.com:testIamPermissions  
 {"permissions":["iam.serviceAccounts.actAs"]}
[debug] [2021-04-26T17:40:57.360Z] <<< HTTP RESPONSE 200 {"content-type":"application/json; charset=UTF-8","vary":"X-Origin, Referer, Origin,Accept-Encoding","date":"Mon, 26 Apr 2021 17:40:46 GMT","server":"ESF","cache-control":"private","x-xss-protection":"0","x-frame-options":"SAMEORIGIN","x-content-type-options":"nosniff","alt-svc":"h3-29=\":443\"; ma=2592000,h3-T051=\":443\"; ma=2592000,h3-Q050=\":443\"; ma=2592000,h3-Q046=\":443\"; ma=2592000,h3-Q043=\":443\"; ma=2592000,quic=\":443\"; ma=2592000; v=\"46,43\"","accept-ranges":"none","transfer-encoding":"chunked"}
[debug] [2021-04-26T17:40:57.362Z] > refreshing access token with scopes: []
[debug] [2021-04-26T17:40:57.362Z] >>> HTTP REQUEST POST https://www.googleapis.com/oauth2/v3/token  
 <request body omitted>
[debug] [2021-04-26T17:40:57.452Z] <<< HTTP RESPONSE 200 {"pragma":"no-cache","cache-control":"no-cache, no-store, max-age=0, must-revalidate","expires":"Mon, 01 Jan 1990 00:00:00 GMT","date":"Mon, 26 Apr 2021 17:40:46 GMT","content-type":"application/json; charset=utf-8","vary":"X-Origin, Referer, Origin,Accept-Encoding","server":"scaffolding on HTTPServer2","x-xss-protection":"0","x-frame-options":"SAMEORIGIN","x-content-type-options":"nosniff","alt-svc":"h3-29=\":443\"; ma=2592000,h3-T051=\":443\"; ma=2592000,h3-Q050=\":443\"; ma=2592000,h3-Q046=\":443\"; ma=2592000,h3-Q043=\":443\"; ma=2592000,quic=\":443\"; ma=2592000; v=\"46,43\"","accept-ranges":"none","transfer-encoding":"chunked"}
[debug] [2021-04-26T17:40:57.461Z] >>> [apiv2][query] GET https://firebase.googleapis.com/v1beta1/projects/covid-table-675ae [none]
[debug] [2021-04-26T17:40:57.610Z] <<< [apiv2][status] GET https://firebase.googleapis.com/v1beta1/projects/covid-table-675ae 200
[debug] [2021-04-26T17:40:57.611Z] <<< [apiv2][body] GET https://firebase.googleapis.com/v1beta1/projects/covid-table-675ae {"projectId":"covid-table-675ae","projectNumber":"648803578262","displayName":"covid-table","name":"projects/covid-table-675ae","resources":{"hostingSite":"covid-table-675ae"},"state":"ACTIVE"}
[debug] [2021-04-26T17:40:57.907Z] getFunctionsSDKVersion was unable to retrieve 'firebase-functions' version
[info] 
[info] === Deploying to 'covid-table-675ae'...
[info] 
[info] i  deploying functions, hosting 
[debug] [2021-04-26T17:40:58.281Z] getFunctionsSDKVersion was unable to retrieve 'firebase-functions' version
[info] i  functions: ensuring required API cloudfunctions.googleapis.com is enabled... 
[debug] [2021-04-26T17:40:58.283Z] > refreshing access token with scopes: ["email","https://www.googleapis.com/auth/cloud-platform","https://www.googleapis.com/auth/cloudplatformprojects.readonly","https://www.googleapis.com/auth/firebase","openid"]
[debug] [2021-04-26T17:40:58.283Z] >>> HTTP REQUEST POST https://www.googleapis.com/oauth2/v3/token  
 <request body omitted>
[debug] [2021-04-26T17:40:58.284Z] > refreshing access token with scopes: ["email","https://www.googleapis.com/auth/cloud-platform","https://www.googleapis.com/auth/cloudplatformprojects.readonly","https://www.googleapis.com/auth/firebase","openid"]
[debug] [2021-04-26T17:40:58.284Z] >>> HTTP REQUEST POST https://www.googleapis.com/oauth2/v3/token  
 <request body omitted>
[info] i  functions: ensuring required API cloudbuild.googleapis.com is enabled... 
[debug] [2021-04-26T17:40:58.286Z] > refreshing access token with scopes: ["email","https://www.googleapis.com/auth/cloud-platform","https://www.googleapis.com/auth/cloudplatformprojects.readonly","https://www.googleapis.com/auth/firebase","openid"]
[debug] [2021-04-26T17:40:58.286Z] >>> HTTP REQUEST POST https://www.googleapis.com/oauth2/v3/token  
 <request body omitted>
[debug] [2021-04-26T17:40:58.399Z] <<< HTTP RESPONSE 200 {"pragma":"no-cache","expires":"Mon, 01 Jan 1990 00:00:00 GMT","cache-control":"no-cache, no-store, max-age=0, must-revalidate","date":"Mon, 26 Apr 2021 17:40:47 GMT","content-type":"application/json; charset=utf-8","vary":"X-Origin, Referer, Origin,Accept-Encoding","server":"scaffolding on HTTPServer2","x-xss-protection":"0","x-frame-options":"SAMEORIGIN","x-content-type-options":"nosniff","alt-svc":"h3-29=\":443\"; ma=2592000,h3-T051=\":443\"; ma=2592000,h3-Q050=\":443\"; ma=2592000,h3-Q046=\":443\"; ma=2592000,h3-Q043=\":443\"; ma=2592000,quic=\":443\"; ma=2592000; v=\"46,43\"","accept-ranges":"none","transfer-encoding":"chunked"}
[debug] [2021-04-26T17:40:58.408Z] >>> HTTP REQUEST GET https://serviceusage.googleapis.com/v1/projects/covid-table-675ae/services/cloudfunctions.googleapis.com  
 
[debug] [2021-04-26T17:40:58.411Z] <<< HTTP RESPONSE 200 {"expires":"Mon, 01 Jan 1990 00:00:00 GMT","pragma":"no-cache","cache-control":"no-cache, no-store, max-age=0, must-revalidate","date":"Mon, 26 Apr 2021 17:40:47 GMT","content-type":"application/json; charset=utf-8","vary":"X-Origin, Referer, Origin,Accept-Encoding","server":"scaffolding on HTTPServer2","x-xss-protection":"0","x-frame-options":"SAMEORIGIN","x-content-type-options":"nosniff","alt-svc":"h3-29=\":443\"; ma=2592000,h3-T051=\":443\"; ma=2592000,h3-Q050=\":443\"; ma=2592000,h3-Q046=\":443\"; ma=2592000,h3-Q043=\":443\"; ma=2592000,quic=\":443\"; ma=2592000; v=\"46,43\"","accept-ranges":"none","transfer-encoding":"chunked"}
[debug] [2021-04-26T17:40:58.420Z] >>> HTTP REQUEST GET https://serviceusage.googleapis.com/v1/projects/covid-table-675ae/services/cloudbuild.googleapis.com  
 
[debug] [2021-04-26T17:40:58.421Z] <<< HTTP RESPONSE 200 {"pragma":"no-cache","date":"Mon, 26 Apr 2021 17:40:47 GMT","expires":"Mon, 01 Jan 1990 00:00:00 GMT","cache-control":"no-cache, no-store, max-age=0, must-revalidate","content-type":"application/json; charset=utf-8","vary":"X-Origin, Referer, Origin,Accept-Encoding","server":"scaffolding on HTTPServer2","x-xss-protection":"0","x-frame-options":"SAMEORIGIN","x-content-type-options":"nosniff","alt-svc":"h3-29=\":443\"; ma=2592000,h3-T051=\":443\"; ma=2592000,h3-Q050=\":443\"; ma=2592000,h3-Q046=\":443\"; ma=2592000,h3-Q043=\":443\"; ma=2592000,quic=\":443\"; ma=2592000; v=\"46,43\"","accept-ranges":"none","transfer-encoding":"chunked"}
[debug] [2021-04-26T17:40:58.428Z] >>> HTTP REQUEST GET https://serviceusage.googleapis.com/v1/projects/covid-table-675ae/services/runtimeconfig.googleapis.com  
 
[debug] [2021-04-26T17:40:58.660Z] <<< HTTP RESPONSE 200 {"content-type":"application/json; charset=UTF-8","vary":"X-Origin, Referer, Origin,Accept-Encoding","date":"Mon, 26 Apr 2021 17:40:47 GMT","server":"ESF","cache-control":"private","x-xss-protection":"0","x-frame-options":"SAMEORIGIN","x-content-type-options":"nosniff","alt-svc":"h3-29=\":443\"; ma=2592000,h3-T051=\":443\"; ma=2592000,h3-Q050=\":443\"; ma=2592000,h3-Q046=\":443\"; ma=2592000,h3-Q043=\":443\"; ma=2592000,quic=\":443\"; ma=2592000; v=\"46,43\"","accept-ranges":"none","transfer-encoding":"chunked"}
[debug] [2021-04-26T17:40:58.867Z] <<< HTTP RESPONSE 200 {"content-type":"application/json; charset=UTF-8","vary":"X-Origin, Referer, Origin,Accept-Encoding","date":"Mon, 26 Apr 2021 17:40:48 GMT","server":"ESF","cache-control":"private","x-xss-protection":"0","x-frame-options":"SAMEORIGIN","x-content-type-options":"nosniff","alt-svc":"h3-29=\":443\"; ma=2592000,h3-T051=\":443\"; ma=2592000,h3-Q050=\":443\"; ma=2592000,h3-Q046=\":443\"; ma=2592000,h3-Q043=\":443\"; ma=2592000,quic=\":443\"; ma=2592000; v=\"46,43\"","accept-ranges":"none","transfer-encoding":"chunked"}
[info] ✔  functions: required API cloudbuild.googleapis.com is enabled 
[debug] [2021-04-26T17:40:58.880Z] <<< HTTP RESPONSE 200 {"content-type":"application/json; charset=UTF-8","vary":"X-Origin, Referer, Origin,Accept-Encoding","date":"Mon, 26 Apr 2021 17:40:48 GMT","server":"ESF","cache-control":"private","x-xss-protection":"0","x-frame-options":"SAMEORIGIN","x-content-type-options":"nosniff","alt-svc":"h3-29=\":443\"; ma=2592000,h3-T051=\":443\"; ma=2592000,h3-Q050=\":443\"; ma=2592000,h3-Q046=\":443\"; ma=2592000,h3-Q043=\":443\"; ma=2592000,quic=\":443\"; ma=2592000; v=\"46,43\"","accept-ranges":"none","transfer-encoding":"chunked"}
[info] ✔  functions: required API cloudfunctions.googleapis.com is enabled 
[debug] [2021-04-26T17:40:58.882Z] >>> HTTP REQUEST GET https://firebase.googleapis.com/v1beta1/projects/covid-table-675ae/adminSdkConfig  
 
[debug] [2021-04-26T17:40:59.098Z] <<< HTTP RESPONSE 200 {"content-type":"application/json; charset=UTF-8","vary":"X-Origin, Referer, Origin,Accept-Encoding","date":"Mon, 26 Apr 2021 17:40:48 GMT","server":"ESF","cache-control":"private","x-xss-protection":"0","x-frame-options":"SAMEORIGIN","x-content-type-options":"nosniff","alt-svc":"h3-29=\":443\"; ma=2592000,h3-T051=\":443\"; ma=2592000,h3-Q050=\":443\"; ma=2592000,h3-Q046=\":443\"; ma=2592000,h3-Q043=\":443\"; ma=2592000,quic=\":443\"; ma=2592000; v=\"46,43\"","accept-ranges":"none","transfer-encoding":"chunked"}
[info] i  functions: preparing firebaseBuild directory for uploading... 
[debug] [2021-04-26T17:40:59.101Z] >>> HTTP REQUEST GET https://runtimeconfig.googleapis.com/v1beta1/projects/covid-table-675ae/configs  
 
[debug] [2021-04-26T17:40:59.295Z] <<< HTTP RESPONSE 200 {"content-type":"application/json; charset=UTF-8","vary":"X-Origin, Referer, Origin,Accept-Encoding","date":"Mon, 26 Apr 2021 17:40:48 GMT","server":"ESF","cache-control":"private","x-xss-protection":"0","x-frame-options":"SAMEORIGIN","x-content-type-options":"nosniff","alt-svc":"h3-29=\":443\"; ma=2592000,h3-T051=\":443\"; ma=2592000,h3-Q050=\":443\"; ma=2592000,h3-Q046=\":443\"; ma=2592000,h3-Q043=\":443\"; ma=2592000,quic=\":443\"; ma=2592000; v=\"46,43\"","accept-ranges":"none","transfer-encoding":"chunked"}
[info] i  functions: packaged firebaseBuild (18.31 MB) for uploading 
[debug] [2021-04-26T17:41:01.542Z] > [functions] package.json contents: {
  "name": "covid-table",
  "version": "0.1.0",
  "private": true,
  "scripts": {
    "dev": "next dev",
    "build": "next build",
    "start": "next start",
    "storybook": "start-storybook -p 6006",
    "build-storybook": "build-storybook",
    "export": "next build && next export",
    "deploy": "npm run export && mkdir firebaseBuild && cp server.js firebaseBuild/index.js && cp server.js firebaseBuild/index.js && cp package*.json firebaseBuild && cp -r .next firebaseBuild && cp -r public firebaseBuild && cross-env NODE_ENV=production firebase deploy --only functions,hosting ; rm -fr firebaseBuild",
    "test": "jest --watch"
  },
  "dependencies": {
    "axios": "^0.21.1",
    "firebase-functions": "^3.13.2",
    "next": "10.1.3",
    "normalize.css": "^8.0.1",
    "react": "17.0.2",
    "react-dom": "17.0.2",
    "react-table": "^7.6.3",
    "react-virtual": "^2.7.1",
    "react-window": "^1.8.6"
  },
  "devDependencies": {
    "@babel/core": "^7.13.16",
    "@storybook/addon-actions": "^6.2.8",
    "@storybook/addon-essentials": "^6.2.8",
    "@storybook/addon-links": "^6.2.8",
    "@storybook/addon-storyshots": "^6.2.8",
    "@storybook/react": "^6.2.8",
    "@testing-library/dom": "^7.30.3",
    "@testing-library/jest-dom": "^5.11.10",
    "@testing-library/react": "^11.2.6",
    "@testing-library/user-event": "^13.1.5",
    "@types/jest": "^26.0.22",
    "@types/node": "^14.14.41",
    "@types/react": "^17.0.3",
    "babel-jest": "^26.6.3",
    "babel-loader": "^8.2.2",
    "cross-env": "^7.0.3",
    "firebase-admin": "^9.6.0",
    "identity-obj-proxy": "^3.0.0",
    "jest": "^26.6.3",
    "storybook-css-modules-preset": "^1.0.8",
    "typescript": "^4.2.4"
  }
}
[debug] [2021-04-26T17:41:01.543Z] >>> HTTP REQUEST GET https://cloudfunctions.googleapis.com/v1/projects/covid-table-675ae/locations/-/functions  
 
[debug] [2021-04-26T17:41:02.017Z] <<< HTTP RESPONSE 200 {"content-type":"application/json; charset=UTF-8","vary":"X-Origin, Referer, Origin,Accept-Encoding","date":"Mon, 26 Apr 2021 17:40:51 GMT","server":"ESF","cache-control":"private","x-xss-protection":"0","x-frame-options":"SAMEORIGIN","x-content-type-options":"nosniff","alt-svc":"h3-29=\":443\"; ma=2592000,h3-T051=\":443\"; ma=2592000,h3-Q050=\":443\"; ma=2592000,h3-Q046=\":443\"; ma=2592000,h3-Q043=\":443\"; ma=2592000,quic=\":443\"; ma=2592000; v=\"46,43\"","accept-ranges":"none","transfer-encoding":"chunked"}
[debug] [2021-04-26T17:41:02.018Z] >>> HTTP REQUEST POST https://firebasehosting.googleapis.com/v1beta1/sites/covid-table-675ae/versions  
 {"config":{"rewrites":[{"glob":"**","function":"nextServer"}]},"labels":{"deployment-tool":"cli-firebase"}}
[debug] [2021-04-26T17:41:02.666Z] <<< HTTP RESPONSE 200 {"content-type":"application/json; charset=UTF-8","vary":"X-Origin, Referer, Origin,Accept-Encoding","date":"Mon, 26 Apr 2021 17:40:51 GMT","server":"ESF","cache-control":"private","x-xss-protection":"0","x-frame-options":"SAMEORIGIN","x-content-type-options":"nosniff","alt-svc":"h3-29=\":443\"; ma=2592000,h3-T051=\":443\"; ma=2592000,h3-Q050=\":443\"; ma=2592000,h3-Q046=\":443\"; ma=2592000,h3-Q043=\":443\"; ma=2592000,quic=\":443\"; ma=2592000; v=\"46,43\"","accept-ranges":"none","transfer-encoding":"chunked"}
[debug] [2021-04-26T17:41:02.667Z] >>> HTTP REQUEST POST https://cloudfunctions.googleapis.com/v1/projects/covid-table-675ae/locations/us-central1/functions:generateUploadUrl  
 
[debug] [2021-04-26T17:41:03.625Z] <<< HTTP RESPONSE 200 {"content-type":"application/json; charset=UTF-8","vary":"X-Origin, Referer, Origin,Accept-Encoding","date":"Mon, 26 Apr 2021 17:40:52 GMT","server":"ESF","cache-control":"private","x-xss-protection":"0","x-frame-options":"SAMEORIGIN","x-content-type-options":"nosniff","alt-svc":"h3-29=\":443\"; ma=2592000,h3-T051=\":443\"; ma=2592000,h3-Q050=\":443\"; ma=2592000,h3-Q046=\":443\"; ma=2592000,h3-Q043=\":443\"; ma=2592000,quic=\":443\"; ma=2592000; v=\"46,43\"","accept-ranges":"none","transfer-encoding":"chunked"}
[debug] [2021-04-26T17:41:03.626Z] >>> HTTP REQUEST PUT https://storage.googleapis.com/gcf-upload-us-central1-6686bbce-8caa-4fc4-9146-6b305cd69cc6/1bc3d480-5e92-41b1-9ad9-abcf6c3c23a5.zip?GoogleAccessId=service-648803578262@gcf-admin-robot.iam.gserviceaccount.com&Expires=1619460652&Signature=ftiqt2tdKEA%2B55p8%2Fm5G0ihuyNIFO8bW2a37BI7%2FEBygcD1jJf3glmXyxMh2eYhHpNuunwCb7ArOsYc3CBto%2BFzUtDtxno3GcrxDhSEEi%2F5eGXBoC6Bs68cOu6Y1Oed6cLmcL%2Biwf7WaGOFwIZqd%2B1bFLyVw%2BsCHps0XYTekD4T%2BS5ywUvJjBtDpjkk3tv5yJYeYbn%2BpZI4pHjLqXq9E6ePV36MhPHbmUe9tAaLXdS3ra3I5ypoTZEWlvWFKvgRzZ6w91OEIfkY%2BoPe7kFFiDk8D86BMb3BN%2F2f9LbumBzUoX0374Kot7F4Cp8JQTaInctLbPCL3VhtF7WFVCzJPgg%3D%3D  
 <request body omitted>
[debug] [2021-04-26T17:41:17.435Z] <<< HTTP RESPONSE 200 {"x-guploader-uploadid":"ABg5-UxW4-ncjj3uoSgISvKiMyy-qkZLDsscirbsBbmOVSqnf4igd-I3RrAmf-5M4mL4HjThZ7PEXA_YTurzRhJmZko","etag":"\"a6c1a6eeb9165ba43cade42fe5d261e5\"","x-goog-generation":"1619458866657893","x-goog-metageneration":"1","x-goog-hash":"crc32c=6MqkfQ==, md5=psGm7rkWW6Q8reQv5dJh5Q==","x-goog-stored-content-length":"19200675","x-goog-stored-content-encoding":"identity","vary":"Origin","content-length":"0","date":"Mon, 26 Apr 2021 17:41:06 GMT","server":"UploadServer","content-type":"text/html; charset=UTF-8","alt-svc":"h3-29=\":443\"; ma=2592000,h3-T051=\":443\"; ma=2592000,h3-Q050=\":443\"; ma=2592000,h3-Q046=\":443\"; ma=2592000,h3-Q043=\":443\"; ma=2592000,quic=\":443\"; ma=2592000; v=\"46,43\""}
[info] ✔  functions: firebaseBuild folder uploaded successfully 
[info] i  hosting[covid-table-675ae]: beginning deploy... 
[info] i  hosting[covid-table-675ae]: found 55 files in out 
[debug] [2021-04-26T17:41:18.683Z] > refreshing access token with scopes: []
[debug] [2021-04-26T17:41:18.686Z] >>> HTTP REQUEST POST https://www.googleapis.com/oauth2/v3/token  
 <request body omitted>
[debug] [2021-04-26T17:41:18.692Z] [hosting] hash cache [b3V0] stored for 55 files
[debug] [2021-04-26T17:41:18.693Z] [hosting][hash queue][FINAL] {"max":1222,"min":22,"avg":79.10909090909091,"active":0,"complete":55,"success":55,"errored":0,"retried":0,"total":55,"elapsed":1236}
[debug] [2021-04-26T17:41:18.797Z] <<< HTTP RESPONSE 200 {"expires":"Mon, 01 Jan 1990 00:00:00 GMT","pragma":"no-cache","date":"Mon, 26 Apr 2021 17:41:08 GMT","cache-control":"no-cache, no-store, max-age=0, must-revalidate","content-type":"application/json; charset=utf-8","vary":"X-Origin, Referer, Origin,Accept-Encoding","server":"scaffolding on HTTPServer2","x-xss-protection":"0","x-frame-options":"SAMEORIGIN","x-content-type-options":"nosniff","alt-svc":"h3-29=\":443\"; ma=2592000,h3-T051=\":443\"; ma=2592000,h3-Q050=\":443\"; ma=2592000,h3-Q046=\":443\"; ma=2592000,h3-Q043=\":443\"; ma=2592000,quic=\":443\"; ma=2592000; v=\"46,43\"","accept-ranges":"none","transfer-encoding":"chunked"}
[debug] [2021-04-26T17:41:18.807Z] >>> [apiv2][query] POST https://firebasehosting.googleapis.com/v1beta1/sites/covid-table-675ae/versions/ab9a2253954bdc4d:populateFiles [none]
[debug] [2021-04-26T17:41:18.808Z] >>> [apiv2][body] POST https://firebasehosting.googleapis.com/v1beta1/sites/covid-table-675ae/versions/ab9a2253954bdc4d:populateFiles {"files":{"/404.html":"73b6d2dca406cfdcf10a43210b2c33b656509b9f57ba8b06386512ebd963d5ad","/_next/static/OsjoYTbaj3VrYjJ_n6TbW/_buildManifest.js":"2b5fada986e363740b8c27429f7d9a64954770ed54a7b71377dcd92f94037862","/_next/static/OsjoYTbaj3VrYjJ_n6TbW/_ssgManifest.js":"c78a614b7799c10f82bb9f39d68586baf2e32be66d7d024708defbcbed720eb5","/favicon.ico":"2cb6a7b24a0a7d6260bcfadc391e80008df8f8f2bd2375b54e8f5c61fd90c8e2","/_next/static/chunks/778-021b4e1b36b289af46a6.js":"d706334643f4aaafc7a63490b382aaaf055c5f075c958a6df3c90ffcdec44105","/_next/static/chunks/main-9ca82ec4d4aca520c43d.js":"bcb8d60a73afd2799ae3538bb3a41c7c57f138be2e7c5e5d649fb09b4a72a04e","/_next/static/chunks/597-71f06235e3fd6be7ab6c.js":"5971bed43b96a3bf29fb5d16a3ff4785508e029d868b41181a0105a8f8c31c86","/_next/static/chunks/node_modules_next_dist_client_dev_noop_js.js":"7f3a7be9913f8c18c2327a2531fc344a0ac9f001a828364b79f118d316722b38","/_next/static/chunks/webpack-94043280c036d8f14b3f.js":"c5fc8f24935277f338a0ba521239f0824c2ea9a289e436a8c9f6be1a472b093d","/_next/static/chunks/pages/404-22c451663099f2219fa5.js":"56156231a1d864c5bbe25117c68085989a4414a79969767948a6f65b28bf993f","/_next/static/chunks/pages/_app-a91569ec94d5a305fc99.js":"9bf34b0ed486f9f277dbd4a9193ff1291a239b7032f74796ea94947f55908a0b","/_next/static/chunks/pages/_error-d5d239b8588dc9731c6b.js":"764bf52dd5b412b2b913128641652885601c8527fbf57956ad188cb864a9b25e","/_next/static/chunks/pages/index-48cde511834af869eae2.js":"20c1e9bc7530f5a41c52928be5e0b8b81c218b4729200270f3119e8653d2a86c","/_next/static/chunks/webpack.js":"2941142815a6465e0d10531542b6abe5ee181854bb5531d9b56a2d97fd26c6fd","/_next/static/css/2d02353834c0da8393d6.css":"197b5d175af6ce219320183db145853122b5ba6b11731ad14b414d0048a144e2","/_next/static/development/_buildManifest.js":"5d001233043c325566e9560934da83a1d4d63c160a5767b4251294872246cf22","/_next/static/css/89cef64b3f7557bf560f.css":"4a95127bf96032bdf9a9002f9680a679f51befe67f4d600352577d2605c28263","/_next/static/development/_ssgManifest.js":"c5b6387155bb682b4a97600450b5ca138c4a0291876720cb6516909dac38f580","/_next/static/webpack/1d8e43a1f89e764a6902.hot-update.json":"5a376b2e5fef76baf90e8652668eed9bc3fa7697fe3124dee88a50e5904963a9","/_next/static/webpack/1f5ef34d451accb36b8e.hot-update.json":"1dc865e14aeaab2a960b6780fa1ef6aee4c596b8058996162664cc20289dd9dc","/_next/static/webpack/58c54432cddc4a9ad2ec.hot-update.json":"db87fd96b385cbddd35fa07f009c865a25a6ffdc4a45f1d653c7928132a498d9","/_next/static/webpack/698c40241867a58937aa.hot-update.json":"5a376b2e5fef76baf90e8652668eed9bc3fa7697fe3124dee88a50e5904963a9","/_next/static/webpack/a299c0175fc95d0b9fc6.hot-update.json":"fc67ad0e4f9b0d82e7addec7aaa618503dab737486a92ab9c94978c87d9e7b00","/_next/static/webpack/ac0205272c64fd973a63.hot-update.json":"fc67ad0e4f9b0d82e7addec7aaa618503dab737486a92ab9c94978c87d9e7b00","/_next/static/webpack/cc2e20936aa536ef933e.hot-update.json":"5a376b2e5fef76baf90e8652668eed9bc3fa7697fe3124dee88a50e5904963a9","/_next/static/webpack/e2b5900345222fd87fd9.hot-update.json":"5a376b2e5fef76baf90e8652668eed9bc3fa7697fe3124dee88a50e5904963a9","/_next/static/webpack/ea5417902b10c5c95272.hot-update.json":"db87fd96b385cbddd35fa07f009c865a25a6ffdc4a45f1d653c7928132a498d9","/_next/static/webpack/webpack.1d8e43a1f89e764a6902.hot-update.js":"ab84612610b2e9b0935ce015f39e4f6b7804f45a6c06243271b33ab93d545364","/_next/static/webpack/webpack.1f5ef34d451accb36b8e.hot-update.js":"6ca6102f948aa0a1a521e75c0decf988f5d0931cf99ed1b666bc3cd663e2589a","/_next/static/webpack/webpack.58c54432cddc4a9ad2ec.hot-update.js":"a0aa72a6eda02e4a6a2809e416a90a9467b21734e408daf0095fc5bc905ca53f","/_next/static/webpack/webpack.698c40241867a58937aa.hot-update.js":"d8138b3069bad779787457ad36ef908ded8a1812520adcfebba937fe3fa1218c","/_next/static/webpack/webpack.ac0205272c64fd973a63.hot-update.js":"94032c7223255d5b024d32687035858f7665575cef94435eef53f00f183d4bfa","/_next/static/webpack/webpack.a299c0175fc95d0b9fc6.hot-update.js":"e0756dfc3c13f5a31052a30f1a7a6abb8f5f097881d9d5af88a21c9baaaabe5e","/_next/static/webpack/webpack.cc2e20936aa536ef933e.hot-update.js":"6118b39117170c4a629e504699c924396db5e5d904ccdcfcad830cc4a178df2f","/_next/static/webpack/webpack.ea5417902b10c5c95272.hot-update.js":"9404fc2d7a362d8c6c6e3b2348fa217b9370e01dfd1e1420188888ba4ad5c842","/_next/static/webpack/webpack.e2b5900345222fd87fd9.hot-update.js":"8fe2e3c8e1a20e38f0ac46809eaf00fb5469c0a3c059919f02cb828ff691e742","/_next/static/webpack/pages/_app.58c54432cddc4a9ad2ec.hot-update.js":"a0ef0e157a83c4cb43a4cc749f77c0ae668a48e9d3dd01949fa1dc43742ea5cc","/_next/static/chunks/974-ca36460b6cd4c3e09b13.js":"949f48ab4f51919b01536220337e1666bc8d1071159107aca24bcc69b41d3f0c","/_next/static/chunks/polyfills-8683bd742a84c1edd48c.js":"1349b58662042b27509283710e623a9d329ef237043de90df824ff88d85acbbb","/_next/static/chunks/react-refresh.js":"3e95dcc15fae86f0856c0efea75db82505bf88ad6ac32aa9698611e0d3a0f7c3","/_next/static/webpack/pages/_app.ea5417902b10c5c95272.hot-update.js":"4c263daea5ddfb5012dfc92786675b92f020d7d43ce1003f6db25780250cdfa3","/_next/static/webpack/pages/index.1d8e43a1f89e764a6902.hot-update.js":"239204650cd2fb6b8500c354f69edabbb01d3138676d894238fcfafc787bdb97","/_next/static/webpack/pages/index.698c40241867a58937aa.hot-update.js":"9f69a071423e6e812372c550ca32b8991d18431776bbd20e3fc6c0dd09b5bde7","/_next/static/webpack/pages/index.cc2e20936aa536ef933e.hot-update.js":"df9dd7912753859b82b9d74d379d6d338e523ea173743ed05a50bfdc86120b99","/_next/static/webpack/pages/index.e2b5900345222fd87fd9.hot-update.js":"fa3532c8b44608d157ba36312249ae1544e5fbc19cc5e1b3eb8452f9eadb54f2","/_next/static/chunks/framework-fdd07abe8ae66acc0a4e.js":"cb177b4bfcc43548b124605c7dac577065308411cd17b51488137a5d1f6c62d3","/_next/static/chunks/amp.js":"baa63ee82d49304fff760bce234cf843d7e6a70a1024e26f31f20db3e685013f","/_next/static/chunks/pages/_error.js":"7df66e928fead02a0436caa4c32403705288ab2be0f3eb8524a438577d18a10d","/_next/static/chunks/polyfills.js":"73d7debfe9ea42cabfca429f65c822d6672f9e7452c1afb428bf9f283587129f","/_next/static/chunks/pages/404.js":"c84e2cec0f325e8b7cd0714c8f1a1fcfc7408a4bb1647b4e49950cc66f1281e7","/_next/static/chunks/pages/_app.js":"00345afc615933e8049a91126f84274ca50c3823197c40cf67bf04f70ad8adc6","/_next/static/chunks/pages/index.js":"8af01707571ce4456b75054f6a621ba9d1307819522a50a2c8d4ec9efc551cc4","/_next/static/chunks/main.js":"fbc2da568a224b8504e63a06c63346393a1a558bb2661be478a4f7874b6c2ec4","/_next/data/OsjoYTbaj3VrYjJ_n6TbW/index.json":"f7904c3bd2cbd2a4c946ca63b7ab560d9c6c55a3074a27a0483a0d3e3b0743b6","/index.html":"9529cc7031fc0953c514318653af0cca93eeb6c0deb5f75f8de0d4fdc635facf"}}
[debug] [2021-04-26T17:41:19.237Z] <<< [apiv2][status] POST https://firebasehosting.googleapis.com/v1beta1/sites/covid-table-675ae/versions/ab9a2253954bdc4d:populateFiles 200
[debug] [2021-04-26T17:41:19.237Z] <<< [apiv2][body] POST https://firebasehosting.googleapis.com/v1beta1/sites/covid-table-675ae/versions/ab9a2253954bdc4d:populateFiles {"uploadRequiredHashes":["d8138b3069bad779787457ad36ef908ded8a1812520adcfebba937fe3fa1218c","9529cc7031fc0953c514318653af0cca93eeb6c0deb5f75f8de0d4fdc635facf","6118b39117170c4a629e504699c924396db5e5d904ccdcfcad830cc4a178df2f","a0ef0e157a83c4cb43a4cc749f77c0ae668a48e9d3dd01949fa1dc43742ea5cc","73b6d2dca406cfdcf10a43210b2c33b656509b9f57ba8b06386512ebd963d5ad","df9dd7912753859b82b9d74d379d6d338e523ea173743ed05a50bfdc86120b99","197b5d175af6ce219320183db145853122b5ba6b11731ad14b414d0048a144e2","db87fd96b385cbddd35fa07f009c865a25a6ffdc4a45f1d653c7928132a498d9","ab84612610b2e9b0935ce015f39e4f6b7804f45a6c06243271b33ab93d545364","2941142815a6465e0d10531542b6abe5ee181854bb5531d9b56a2d97fd26c6fd","f7904c3bd2cbd2a4c946ca63b7ab560d9c6c55a3074a27a0483a0d3e3b0743b6","a0aa72a6eda02e4a6a2809e416a90a9467b21734e408daf0095fc5bc905ca53f","1dc865e14aeaab2a960b6780fa1ef6aee4c596b8058996162664cc20289dd9dc","9f69a071423e6e812372c550ca32b8991d18431776bbd20e3fc6c0dd09b5bde7","239204650cd2fb6b8500c354f69edabbb01d3138676d894238fcfafc787bdb97","8fe2e3c8e1a20e38f0ac46809eaf00fb5469c0a3c059919f02cb828ff691e742","5a376b2e5fef76baf90e8652668eed9bc3fa7697fe3124dee88a50e5904963a9","2b5fada986e363740b8c27429f7d9a64954770ed54a7b71377dcd92f94037862","e0756dfc3c13f5a31052a30f1a7a6abb8f5f097881d9d5af88a21c9baaaabe5e","8af01707571ce4456b75054f6a621ba9d1307819522a50a2c8d4ec9efc551cc4","6ca6102f948aa0a1a521e75c0decf988f5d0931cf99ed1b666bc3cd663e2589a","9404fc2d7a362d8c6c6e3b2348fa217b9370e01dfd1e1420188888ba4ad5c842","94032c7223255d5b024d32687035858f7665575cef94435eef53f00f183d4bfa","4c263daea5ddfb5012dfc92786675b92f020d7d43ce1003f6db25780250cdfa3","c84e2cec0f325e8b7cd0714c8f1a1fcfc7408a4bb1647b4e49950cc66f1281e7","fa3532c8b44608d157ba36312249ae1544e5fbc19cc5e1b3eb8452f9eadb54f2","00345afc615933e8049a91126f84274ca50c3823197c40cf67bf04f70ad8adc6","20c1e9bc7530f5a41c52928be5e0b8b81c218b4729200270f3119e8653d2a86c"],"uploadUrl":"https://upload-firebasehosting.googleapis.com/upload/sites/covid-table-675ae/versions/ab9a2253954bdc4d/files"}
[debug] [2021-04-26T17:41:19.246Z] >>> [apiv2][query] POST https://upload-firebasehosting.googleapis.com/upload/sites/covid-table-675ae/versions/ab9a2253954bdc4d/files/d8138b3069bad779787457ad36ef908ded8a1812520adcfebba937fe3fa1218c [none]
[debug] [2021-04-26T17:41:19.247Z] >>> [apiv2][body] POST https://upload-firebasehosting.googleapis.com/upload/sites/covid-table-675ae/versions/ab9a2253954bdc4d/files/d8138b3069bad779787457ad36ef908ded8a1812520adcfebba937fe3fa1218c [stream]
[debug] [2021-04-26T17:41:19.248Z] >>> [apiv2][query] POST https://upload-firebasehosting.googleapis.com/upload/sites/covid-table-675ae/versions/ab9a2253954bdc4d/files/9529cc7031fc0953c514318653af0cca93eeb6c0deb5f75f8de0d4fdc635facf [none]
[debug] [2021-04-26T17:41:19.248Z] >>> [apiv2][body] POST https://upload-firebasehosting.googleapis.com/upload/sites/covid-table-675ae/versions/ab9a2253954bdc4d/files/9529cc7031fc0953c514318653af0cca93eeb6c0deb5f75f8de0d4fdc635facf [stream]
[debug] [2021-04-26T17:41:19.249Z] >>> [apiv2][query] POST https://upload-firebasehosting.googleapis.com/upload/sites/covid-table-675ae/versions/ab9a2253954bdc4d/files/6118b39117170c4a629e504699c924396db5e5d904ccdcfcad830cc4a178df2f [none]
[debug] [2021-04-26T17:41:19.249Z] >>> [apiv2][body] POST https://upload-firebasehosting.googleapis.com/upload/sites/covid-table-675ae/versions/ab9a2253954bdc4d/files/6118b39117170c4a629e504699c924396db5e5d904ccdcfcad830cc4a178df2f [stream]
[debug] [2021-04-26T17:41:19.251Z] >>> [apiv2][query] POST https://upload-firebasehosting.googleapis.com/upload/sites/covid-table-675ae/versions/ab9a2253954bdc4d/files/a0ef0e157a83c4cb43a4cc749f77c0ae668a48e9d3dd01949fa1dc43742ea5cc [none]
[debug] [2021-04-26T17:41:19.251Z] >>> [apiv2][body] POST https://upload-firebasehosting.googleapis.com/upload/sites/covid-table-675ae/versions/ab9a2253954bdc4d/files/a0ef0e157a83c4cb43a4cc749f77c0ae668a48e9d3dd01949fa1dc43742ea5cc [stream]
[debug] [2021-04-26T17:41:19.253Z] >>> [apiv2][query] POST https://upload-firebasehosting.googleapis.com/upload/sites/covid-table-675ae/versions/ab9a2253954bdc4d/files/73b6d2dca406cfdcf10a43210b2c33b656509b9f57ba8b06386512ebd963d5ad [none]
[debug] [2021-04-26T17:41:19.253Z] >>> [apiv2][body] POST https://upload-firebasehosting.googleapis.com/upload/sites/covid-table-675ae/versions/ab9a2253954bdc4d/files/73b6d2dca406cfdcf10a43210b2c33b656509b9f57ba8b06386512ebd963d5ad [stream]
[debug] [2021-04-26T17:41:19.254Z] >>> [apiv2][query] POST https://upload-firebasehosting.googleapis.com/upload/sites/covid-table-675ae/versions/ab9a2253954bdc4d/files/df9dd7912753859b82b9d74d379d6d338e523ea173743ed05a50bfdc86120b99 [none]
[debug] [2021-04-26T17:41:19.254Z] >>> [apiv2][body] POST https://upload-firebasehosting.googleapis.com/upload/sites/covid-table-675ae/versions/ab9a2253954bdc4d/files/df9dd7912753859b82b9d74d379d6d338e523ea173743ed05a50bfdc86120b99 [stream]
[debug] [2021-04-26T17:41:19.255Z] >>> [apiv2][query] POST https://upload-firebasehosting.googleapis.com/upload/sites/covid-table-675ae/versions/ab9a2253954bdc4d/files/197b5d175af6ce219320183db145853122b5ba6b11731ad14b414d0048a144e2 [none]
[debug] [2021-04-26T17:41:19.255Z] >>> [apiv2][body] POST https://upload-firebasehosting.googleapis.com/upload/sites/covid-table-675ae/versions/ab9a2253954bdc4d/files/197b5d175af6ce219320183db145853122b5ba6b11731ad14b414d0048a144e2 [stream]
[debug] [2021-04-26T17:41:19.256Z] >>> [apiv2][query] POST https://upload-firebasehosting.googleapis.com/upload/sites/covid-table-675ae/versions/ab9a2253954bdc4d/files/db87fd96b385cbddd35fa07f009c865a25a6ffdc4a45f1d653c7928132a498d9 [none]
[debug] [2021-04-26T17:41:19.256Z] >>> [apiv2][body] POST https://upload-firebasehosting.googleapis.com/upload/sites/covid-table-675ae/versions/ab9a2253954bdc4d/files/db87fd96b385cbddd35fa07f009c865a25a6ffdc4a45f1d653c7928132a498d9 [stream]
[debug] [2021-04-26T17:41:19.256Z] >>> [apiv2][query] POST https://upload-firebasehosting.googleapis.com/upload/sites/covid-table-675ae/versions/ab9a2253954bdc4d/files/ab84612610b2e9b0935ce015f39e4f6b7804f45a6c06243271b33ab93d545364 [none]
[debug] [2021-04-26T17:41:19.256Z] >>> [apiv2][body] POST https://upload-firebasehosting.googleapis.com/upload/sites/covid-table-675ae/versions/ab9a2253954bdc4d/files/ab84612610b2e9b0935ce015f39e4f6b7804f45a6c06243271b33ab93d545364 [stream]
[debug] [2021-04-26T17:41:19.257Z] >>> [apiv2][query] POST https://upload-firebasehosting.googleapis.com/upload/sites/covid-table-675ae/versions/ab9a2253954bdc4d/files/2941142815a6465e0d10531542b6abe5ee181854bb5531d9b56a2d97fd26c6fd [none]
[debug] [2021-04-26T17:41:19.257Z] >>> [apiv2][body] POST https://upload-firebasehosting.googleapis.com/upload/sites/covid-table-675ae/versions/ab9a2253954bdc4d/files/2941142815a6465e0d10531542b6abe5ee181854bb5531d9b56a2d97fd26c6fd [stream]
[debug] [2021-04-26T17:41:19.257Z] >>> [apiv2][query] POST https://upload-firebasehosting.googleapis.com/upload/sites/covid-table-675ae/versions/ab9a2253954bdc4d/files/f7904c3bd2cbd2a4c946ca63b7ab560d9c6c55a3074a27a0483a0d3e3b0743b6 [none]
[debug] [2021-04-26T17:41:19.257Z] >>> [apiv2][body] POST https://upload-firebasehosting.googleapis.com/upload/sites/covid-table-675ae/versions/ab9a2253954bdc4d/files/f7904c3bd2cbd2a4c946ca63b7ab560d9c6c55a3074a27a0483a0d3e3b0743b6 [stream]
[debug] [2021-04-26T17:41:19.258Z] >>> [apiv2][query] POST https://upload-firebasehosting.googleapis.com/upload/sites/covid-table-675ae/versions/ab9a2253954bdc4d/files/a0aa72a6eda02e4a6a2809e416a90a9467b21734e408daf0095fc5bc905ca53f [none]
[debug] [2021-04-26T17:41:19.258Z] >>> [apiv2][body] POST https://upload-firebasehosting.googleapis.com/upload/sites/covid-table-675ae/versions/ab9a2253954bdc4d/files/a0aa72a6eda02e4a6a2809e416a90a9467b21734e408daf0095fc5bc905ca53f [stream]
[debug] [2021-04-26T17:41:19.258Z] >>> [apiv2][query] POST https://upload-firebasehosting.googleapis.com/upload/sites/covid-table-675ae/versions/ab9a2253954bdc4d/files/1dc865e14aeaab2a960b6780fa1ef6aee4c596b8058996162664cc20289dd9dc [none]
[debug] [2021-04-26T17:41:19.258Z] >>> [apiv2][body] POST https://upload-firebasehosting.googleapis.com/upload/sites/covid-table-675ae/versions/ab9a2253954bdc4d/files/1dc865e14aeaab2a960b6780fa1ef6aee4c596b8058996162664cc20289dd9dc [stream]
[debug] [2021-04-26T17:41:19.259Z] >>> [apiv2][query] POST https://upload-firebasehosting.googleapis.com/upload/sites/covid-table-675ae/versions/ab9a2253954bdc4d/files/9f69a071423e6e812372c550ca32b8991d18431776bbd20e3fc6c0dd09b5bde7 [none]
[debug] [2021-04-26T17:41:19.259Z] >>> [apiv2][body] POST https://upload-firebasehosting.googleapis.com/upload/sites/covid-table-675ae/versions/ab9a2253954bdc4d/files/9f69a071423e6e812372c550ca32b8991d18431776bbd20e3fc6c0dd09b5bde7 [stream]
[debug] [2021-04-26T17:41:19.259Z] >>> [apiv2][query] POST https://upload-firebasehosting.googleapis.com/upload/sites/covid-table-675ae/versions/ab9a2253954bdc4d/files/239204650cd2fb6b8500c354f69edabbb01d3138676d894238fcfafc787bdb97 [none]
[debug] [2021-04-26T17:41:19.259Z] >>> [apiv2][body] POST https://upload-firebasehosting.googleapis.com/upload/sites/covid-table-675ae/versions/ab9a2253954bdc4d/files/239204650cd2fb6b8500c354f69edabbb01d3138676d894238fcfafc787bdb97 [stream]
[debug] [2021-04-26T17:41:19.260Z] >>> [apiv2][query] POST https://upload-firebasehosting.googleapis.com/upload/sites/covid-table-675ae/versions/ab9a2253954bdc4d/files/8fe2e3c8e1a20e38f0ac46809eaf00fb5469c0a3c059919f02cb828ff691e742 [none]
[debug] [2021-04-26T17:41:19.260Z] >>> [apiv2][body] POST https://upload-firebasehosting.googleapis.com/upload/sites/covid-table-675ae/versions/ab9a2253954bdc4d/files/8fe2e3c8e1a20e38f0ac46809eaf00fb5469c0a3c059919f02cb828ff691e742 [stream]
[debug] [2021-04-26T17:41:19.260Z] >>> [apiv2][query] POST https://upload-firebasehosting.googleapis.com/upload/sites/covid-table-675ae/versions/ab9a2253954bdc4d/files/5a376b2e5fef76baf90e8652668eed9bc3fa7697fe3124dee88a50e5904963a9 [none]
[debug] [2021-04-26T17:41:19.260Z] >>> [apiv2][body] POST https://upload-firebasehosting.googleapis.com/upload/sites/covid-table-675ae/versions/ab9a2253954bdc4d/files/5a376b2e5fef76baf90e8652668eed9bc3fa7697fe3124dee88a50e5904963a9 [stream]
[debug] [2021-04-26T17:41:19.261Z] >>> [apiv2][query] POST https://upload-firebasehosting.googleapis.com/upload/sites/covid-table-675ae/versions/ab9a2253954bdc4d/files/2b5fada986e363740b8c27429f7d9a64954770ed54a7b71377dcd92f94037862 [none]
[debug] [2021-04-26T17:41:19.261Z] >>> [apiv2][body] POST https://upload-firebasehosting.googleapis.com/upload/sites/covid-table-675ae/versions/ab9a2253954bdc4d/files/2b5fada986e363740b8c27429f7d9a64954770ed54a7b71377dcd92f94037862 [stream]
[debug] [2021-04-26T17:41:19.261Z] >>> [apiv2][query] POST https://upload-firebasehosting.googleapis.com/upload/sites/covid-table-675ae/versions/ab9a2253954bdc4d/files/e0756dfc3c13f5a31052a30f1a7a6abb8f5f097881d9d5af88a21c9baaaabe5e [none]
[debug] [2021-04-26T17:41:19.261Z] >>> [apiv2][body] POST https://upload-firebasehosting.googleapis.com/upload/sites/covid-table-675ae/versions/ab9a2253954bdc4d/files/e0756dfc3c13f5a31052a30f1a7a6abb8f5f097881d9d5af88a21c9baaaabe5e [stream]
[debug] [2021-04-26T17:41:19.264Z] >>> [apiv2][query] POST https://upload-firebasehosting.googleapis.com/upload/sites/covid-table-675ae/versions/ab9a2253954bdc4d/files/8af01707571ce4456b75054f6a621ba9d1307819522a50a2c8d4ec9efc551cc4 [none]
[debug] [2021-04-26T17:41:19.264Z] >>> [apiv2][body] POST https://upload-firebasehosting.googleapis.com/upload/sites/covid-table-675ae/versions/ab9a2253954bdc4d/files/8af01707571ce4456b75054f6a621ba9d1307819522a50a2c8d4ec9efc551cc4 [stream]
[debug] [2021-04-26T17:41:19.264Z] >>> [apiv2][query] POST https://upload-firebasehosting.googleapis.com/upload/sites/covid-table-675ae/versions/ab9a2253954bdc4d/files/6ca6102f948aa0a1a521e75c0decf988f5d0931cf99ed1b666bc3cd663e2589a [none]
[debug] [2021-04-26T17:41:19.264Z] >>> [apiv2][body] POST https://upload-firebasehosting.googleapis.com/upload/sites/covid-table-675ae/versions/ab9a2253954bdc4d/files/6ca6102f948aa0a1a521e75c0decf988f5d0931cf99ed1b666bc3cd663e2589a [stream]
[debug] [2021-04-26T17:41:19.265Z] >>> [apiv2][query] POST https://upload-firebasehosting.googleapis.com/upload/sites/covid-table-675ae/versions/ab9a2253954bdc4d/files/9404fc2d7a362d8c6c6e3b2348fa217b9370e01dfd1e1420188888ba4ad5c842 [none]
[debug] [2021-04-26T17:41:19.265Z] >>> [apiv2][body] POST https://upload-firebasehosting.googleapis.com/upload/sites/covid-table-675ae/versions/ab9a2253954bdc4d/files/9404fc2d7a362d8c6c6e3b2348fa217b9370e01dfd1e1420188888ba4ad5c842 [stream]
[debug] [2021-04-26T17:41:19.265Z] >>> [apiv2][query] POST https://upload-firebasehosting.googleapis.com/upload/sites/covid-table-675ae/versions/ab9a2253954bdc4d/files/94032c7223255d5b024d32687035858f7665575cef94435eef53f00f183d4bfa [none]
[debug] [2021-04-26T17:41:19.265Z] >>> [apiv2][body] POST https://upload-firebasehosting.googleapis.com/upload/sites/covid-table-675ae/versions/ab9a2253954bdc4d/files/94032c7223255d5b024d32687035858f7665575cef94435eef53f00f183d4bfa [stream]
[debug] [2021-04-26T17:41:19.266Z] >>> [apiv2][query] POST https://upload-firebasehosting.googleapis.com/upload/sites/covid-table-675ae/versions/ab9a2253954bdc4d/files/4c263daea5ddfb5012dfc92786675b92f020d7d43ce1003f6db25780250cdfa3 [none]
[debug] [2021-04-26T17:41:19.266Z] >>> [apiv2][body] POST https://upload-firebasehosting.googleapis.com/upload/sites/covid-table-675ae/versions/ab9a2253954bdc4d/files/4c263daea5ddfb5012dfc92786675b92f020d7d43ce1003f6db25780250cdfa3 [stream]
[debug] [2021-04-26T17:41:19.266Z] >>> [apiv2][query] POST https://upload-firebasehosting.googleapis.com/upload/sites/covid-table-675ae/versions/ab9a2253954bdc4d/files/c84e2cec0f325e8b7cd0714c8f1a1fcfc7408a4bb1647b4e49950cc66f1281e7 [none]
[debug] [2021-04-26T17:41:19.266Z] >>> [apiv2][body] POST https://upload-firebasehosting.googleapis.com/upload/sites/covid-table-675ae/versions/ab9a2253954bdc4d/files/c84e2cec0f325e8b7cd0714c8f1a1fcfc7408a4bb1647b4e49950cc66f1281e7 [stream]
[debug] [2021-04-26T17:41:19.266Z] >>> [apiv2][query] POST https://upload-firebasehosting.googleapis.com/upload/sites/covid-table-675ae/versions/ab9a2253954bdc4d/files/fa3532c8b44608d157ba36312249ae1544e5fbc19cc5e1b3eb8452f9eadb54f2 [none]
[debug] [2021-04-26T17:41:19.266Z] >>> [apiv2][body] POST https://upload-firebasehosting.googleapis.com/upload/sites/covid-table-675ae/versions/ab9a2253954bdc4d/files/fa3532c8b44608d157ba36312249ae1544e5fbc19cc5e1b3eb8452f9eadb54f2 [stream]
[debug] [2021-04-26T17:41:19.267Z] >>> [apiv2][query] POST https://upload-firebasehosting.googleapis.com/upload/sites/covid-table-675ae/versions/ab9a2253954bdc4d/files/00345afc615933e8049a91126f84274ca50c3823197c40cf67bf04f70ad8adc6 [none]
[debug] [2021-04-26T17:41:19.267Z] >>> [apiv2][body] POST https://upload-firebasehosting.googleapis.com/upload/sites/covid-table-675ae/versions/ab9a2253954bdc4d/files/00345afc615933e8049a91126f84274ca50c3823197c40cf67bf04f70ad8adc6 [stream]
[debug] [2021-04-26T17:41:19.267Z] >>> [apiv2][query] POST https://upload-firebasehosting.googleapis.com/upload/sites/covid-table-675ae/versions/ab9a2253954bdc4d/files/20c1e9bc7530f5a41c52928be5e0b8b81c218b4729200270f3119e8653d2a86c [none]
[debug] [2021-04-26T17:41:19.267Z] >>> [apiv2][body] POST https://upload-firebasehosting.googleapis.com/upload/sites/covid-table-675ae/versions/ab9a2253954bdc4d/files/20c1e9bc7530f5a41c52928be5e0b8b81c218b4729200270f3119e8653d2a86c [stream]
[debug] [2021-04-26T17:41:19.268Z] [hosting][populate queue][FINAL] {"max":564,"min":564,"avg":564,"active":0,"complete":1,"success":1,"errored":0,"retried":0,"total":1,"elapsed":586}
[debug] [2021-04-26T17:41:19.268Z] [hosting] uploads queued: 28
[debug] [2021-04-26T17:41:19.998Z] <<< [apiv2][status] POST https://upload-firebasehosting.googleapis.com/upload/sites/covid-table-675ae/versions/ab9a2253954bdc4d/files/6118b39117170c4a629e504699c924396db5e5d904ccdcfcad830cc4a178df2f 200
[debug] [2021-04-26T17:41:19.999Z] <<< [apiv2][body] POST https://upload-firebasehosting.googleapis.com/upload/sites/covid-table-675ae/versions/ab9a2253954bdc4d/files/6118b39117170c4a629e504699c924396db5e5d904ccdcfcad830cc4a178df2f [stream]
[debug] [2021-04-26T17:41:20.008Z] <<< [apiv2][status] POST https://upload-firebasehosting.googleapis.com/upload/sites/covid-table-675ae/versions/ab9a2253954bdc4d/files/ab84612610b2e9b0935ce015f39e4f6b7804f45a6c06243271b33ab93d545364 200
[debug] [2021-04-26T17:41:20.008Z] <<< [apiv2][body] POST https://upload-firebasehosting.googleapis.com/upload/sites/covid-table-675ae/versions/ab9a2253954bdc4d/files/ab84612610b2e9b0935ce015f39e4f6b7804f45a6c06243271b33ab93d545364 [stream]
[debug] [2021-04-26T17:41:20.019Z] <<< [apiv2][status] POST https://upload-firebasehosting.googleapis.com/upload/sites/covid-table-675ae/versions/ab9a2253954bdc4d/files/df9dd7912753859b82b9d74d379d6d338e523ea173743ed05a50bfdc86120b99 200
[debug] [2021-04-26T17:41:20.020Z] <<< [apiv2][body] POST https://upload-firebasehosting.googleapis.com/upload/sites/covid-table-675ae/versions/ab9a2253954bdc4d/files/df9dd7912753859b82b9d74d379d6d338e523ea173743ed05a50bfdc86120b99 [stream]
[debug] [2021-04-26T17:41:20.023Z] <<< [apiv2][status] POST https://upload-firebasehosting.googleapis.com/upload/sites/covid-table-675ae/versions/ab9a2253954bdc4d/files/1dc865e14aeaab2a960b6780fa1ef6aee4c596b8058996162664cc20289dd9dc 200
[debug] [2021-04-26T17:41:20.023Z] <<< [apiv2][body] POST https://upload-firebasehosting.googleapis.com/upload/sites/covid-table-675ae/versions/ab9a2253954bdc4d/files/1dc865e14aeaab2a960b6780fa1ef6aee4c596b8058996162664cc20289dd9dc [stream]
[debug] [2021-04-26T17:41:20.077Z] <<< [apiv2][status] POST https://upload-firebasehosting.googleapis.com/upload/sites/covid-table-675ae/versions/ab9a2253954bdc4d/files/94032c7223255d5b024d32687035858f7665575cef94435eef53f00f183d4bfa 200
[debug] [2021-04-26T17:41:20.078Z] <<< [apiv2][body] POST https://upload-firebasehosting.googleapis.com/upload/sites/covid-table-675ae/versions/ab9a2253954bdc4d/files/94032c7223255d5b024d32687035858f7665575cef94435eef53f00f183d4bfa [stream]
[debug] [2021-04-26T17:41:20.080Z] <<< [apiv2][status] POST https://upload-firebasehosting.googleapis.com/upload/sites/covid-table-675ae/versions/ab9a2253954bdc4d/files/20c1e9bc7530f5a41c52928be5e0b8b81c218b4729200270f3119e8653d2a86c 200
[debug] [2021-04-26T17:41:20.081Z] <<< [apiv2][body] POST https://upload-firebasehosting.googleapis.com/upload/sites/covid-table-675ae/versions/ab9a2253954bdc4d/files/20c1e9bc7530f5a41c52928be5e0b8b81c218b4729200270f3119e8653d2a86c [stream]
[debug] [2021-04-26T17:41:20.083Z] <<< [apiv2][status] POST https://upload-firebasehosting.googleapis.com/upload/sites/covid-table-675ae/versions/ab9a2253954bdc4d/files/6ca6102f948aa0a1a521e75c0decf988f5d0931cf99ed1b666bc3cd663e2589a 200
[debug] [2021-04-26T17:41:20.083Z] <<< [apiv2][body] POST https://upload-firebasehosting.googleapis.com/upload/sites/covid-table-675ae/versions/ab9a2253954bdc4d/files/6ca6102f948aa0a1a521e75c0decf988f5d0931cf99ed1b666bc3cd663e2589a [stream]
[debug] [2021-04-26T17:41:20.097Z] <<< [apiv2][status] POST https://upload-firebasehosting.googleapis.com/upload/sites/covid-table-675ae/versions/ab9a2253954bdc4d/files/a0ef0e157a83c4cb43a4cc749f77c0ae668a48e9d3dd01949fa1dc43742ea5cc 200
[debug] [2021-04-26T17:41:20.097Z] <<< [apiv2][body] POST https://upload-firebasehosting.googleapis.com/upload/sites/covid-table-675ae/versions/ab9a2253954bdc4d/files/a0ef0e157a83c4cb43a4cc749f77c0ae668a48e9d3dd01949fa1dc43742ea5cc [stream]
[debug] [2021-04-26T17:41:20.100Z] <<< [apiv2][status] POST https://upload-firebasehosting.googleapis.com/upload/sites/covid-table-675ae/versions/ab9a2253954bdc4d/files/4c263daea5ddfb5012dfc92786675b92f020d7d43ce1003f6db25780250cdfa3 200
[debug] [2021-04-26T17:41:20.100Z] <<< [apiv2][body] POST https://upload-firebasehosting.googleapis.com/upload/sites/covid-table-675ae/versions/ab9a2253954bdc4d/files/4c263daea5ddfb5012dfc92786675b92f020d7d43ce1003f6db25780250cdfa3 [stream]
[debug] [2021-04-26T17:41:20.102Z] <<< [apiv2][status] POST https://upload-firebasehosting.googleapis.com/upload/sites/covid-table-675ae/versions/ab9a2253954bdc4d/files/fa3532c8b44608d157ba36312249ae1544e5fbc19cc5e1b3eb8452f9eadb54f2 200
[debug] [2021-04-26T17:41:20.102Z] <<< [apiv2][body] POST https://upload-firebasehosting.googleapis.com/upload/sites/covid-table-675ae/versions/ab9a2253954bdc4d/files/fa3532c8b44608d157ba36312249ae1544e5fbc19cc5e1b3eb8452f9eadb54f2 [stream]
[debug] [2021-04-26T17:41:20.126Z] <<< [apiv2][status] POST https://upload-firebasehosting.googleapis.com/upload/sites/covid-table-675ae/versions/ab9a2253954bdc4d/files/8fe2e3c8e1a20e38f0ac46809eaf00fb5469c0a3c059919f02cb828ff691e742 200
[debug] [2021-04-26T17:41:20.126Z] <<< [apiv2][body] POST https://upload-firebasehosting.googleapis.com/upload/sites/covid-table-675ae/versions/ab9a2253954bdc4d/files/8fe2e3c8e1a20e38f0ac46809eaf00fb5469c0a3c059919f02cb828ff691e742 [stream]
[debug] [2021-04-26T17:41:20.130Z] <<< [apiv2][status] POST https://upload-firebasehosting.googleapis.com/upload/sites/covid-table-675ae/versions/ab9a2253954bdc4d/files/d8138b3069bad779787457ad36ef908ded8a1812520adcfebba937fe3fa1218c 200
[debug] [2021-04-26T17:41:20.130Z] <<< [apiv2][body] POST https://upload-firebasehosting.googleapis.com/upload/sites/covid-table-675ae/versions/ab9a2253954bdc4d/files/d8138b3069bad779787457ad36ef908ded8a1812520adcfebba937fe3fa1218c [stream]
[debug] [2021-04-26T17:41:20.149Z] <<< [apiv2][status] POST https://upload-firebasehosting.googleapis.com/upload/sites/covid-table-675ae/versions/ab9a2253954bdc4d/files/73b6d2dca406cfdcf10a43210b2c33b656509b9f57ba8b06386512ebd963d5ad 200
[debug] [2021-04-26T17:41:20.149Z] <<< [apiv2][body] POST https://upload-firebasehosting.googleapis.com/upload/sites/covid-table-675ae/versions/ab9a2253954bdc4d/files/73b6d2dca406cfdcf10a43210b2c33b656509b9f57ba8b06386512ebd963d5ad [stream]
[debug] [2021-04-26T17:41:20.161Z] <<< [apiv2][status] POST https://upload-firebasehosting.googleapis.com/upload/sites/covid-table-675ae/versions/ab9a2253954bdc4d/files/a0aa72a6eda02e4a6a2809e416a90a9467b21734e408daf0095fc5bc905ca53f 200
[debug] [2021-04-26T17:41:20.161Z] <<< [apiv2][body] POST https://upload-firebasehosting.googleapis.com/upload/sites/covid-table-675ae/versions/ab9a2253954bdc4d/files/a0aa72a6eda02e4a6a2809e416a90a9467b21734e408daf0095fc5bc905ca53f [stream]
[debug] [2021-04-26T17:41:20.184Z] <<< [apiv2][status] POST https://upload-firebasehosting.googleapis.com/upload/sites/covid-table-675ae/versions/ab9a2253954bdc4d/files/db87fd96b385cbddd35fa07f009c865a25a6ffdc4a45f1d653c7928132a498d9 200
[debug] [2021-04-26T17:41:20.184Z] <<< [apiv2][body] POST https://upload-firebasehosting.googleapis.com/upload/sites/covid-table-675ae/versions/ab9a2253954bdc4d/files/db87fd96b385cbddd35fa07f009c865a25a6ffdc4a45f1d653c7928132a498d9 [stream]
[debug] [2021-04-26T17:41:20.191Z] <<< [apiv2][status] POST https://upload-firebasehosting.googleapis.com/upload/sites/covid-table-675ae/versions/ab9a2253954bdc4d/files/197b5d175af6ce219320183db145853122b5ba6b11731ad14b414d0048a144e2 200
[debug] [2021-04-26T17:41:20.191Z] <<< [apiv2][body] POST https://upload-firebasehosting.googleapis.com/upload/sites/covid-table-675ae/versions/ab9a2253954bdc4d/files/197b5d175af6ce219320183db145853122b5ba6b11731ad14b414d0048a144e2 [stream]
[debug] [2021-04-26T17:41:20.193Z] <<< [apiv2][status] POST https://upload-firebasehosting.googleapis.com/upload/sites/covid-table-675ae/versions/ab9a2253954bdc4d/files/239204650cd2fb6b8500c354f69edabbb01d3138676d894238fcfafc787bdb97 200
[debug] [2021-04-26T17:41:20.193Z] <<< [apiv2][body] POST https://upload-firebasehosting.googleapis.com/upload/sites/covid-table-675ae/versions/ab9a2253954bdc4d/files/239204650cd2fb6b8500c354f69edabbb01d3138676d894238fcfafc787bdb97 [stream]
[debug] [2021-04-26T17:41:20.227Z] <<< [apiv2][status] POST https://upload-firebasehosting.googleapis.com/upload/sites/covid-table-675ae/versions/ab9a2253954bdc4d/files/5a376b2e5fef76baf90e8652668eed9bc3fa7697fe3124dee88a50e5904963a9 200
[debug] [2021-04-26T17:41:20.227Z] <<< [apiv2][body] POST https://upload-firebasehosting.googleapis.com/upload/sites/covid-table-675ae/versions/ab9a2253954bdc4d/files/5a376b2e5fef76baf90e8652668eed9bc3fa7697fe3124dee88a50e5904963a9 [stream]
[debug] [2021-04-26T17:41:20.279Z] <<< [apiv2][status] POST https://upload-firebasehosting.googleapis.com/upload/sites/covid-table-675ae/versions/ab9a2253954bdc4d/files/9f69a071423e6e812372c550ca32b8991d18431776bbd20e3fc6c0dd09b5bde7 200
[debug] [2021-04-26T17:41:20.279Z] <<< [apiv2][body] POST https://upload-firebasehosting.googleapis.com/upload/sites/covid-table-675ae/versions/ab9a2253954bdc4d/files/9f69a071423e6e812372c550ca32b8991d18431776bbd20e3fc6c0dd09b5bde7 [stream]
[debug] [2021-04-26T17:41:20.294Z] <<< [apiv2][status] POST https://upload-firebasehosting.googleapis.com/upload/sites/covid-table-675ae/versions/ab9a2253954bdc4d/files/e0756dfc3c13f5a31052a30f1a7a6abb8f5f097881d9d5af88a21c9baaaabe5e 200
[debug] [2021-04-26T17:41:20.294Z] <<< [apiv2][body] POST https://upload-firebasehosting.googleapis.com/upload/sites/covid-table-675ae/versions/ab9a2253954bdc4d/files/e0756dfc3c13f5a31052a30f1a7a6abb8f5f097881d9d5af88a21c9baaaabe5e [stream]
[debug] [2021-04-26T17:41:20.302Z] <<< [apiv2][status] POST https://upload-firebasehosting.googleapis.com/upload/sites/covid-table-675ae/versions/ab9a2253954bdc4d/files/9404fc2d7a362d8c6c6e3b2348fa217b9370e01dfd1e1420188888ba4ad5c842 200
[debug] [2021-04-26T17:41:20.302Z] <<< [apiv2][body] POST https://upload-firebasehosting.googleapis.com/upload/sites/covid-table-675ae/versions/ab9a2253954bdc4d/files/9404fc2d7a362d8c6c6e3b2348fa217b9370e01dfd1e1420188888ba4ad5c842 [stream]
[debug] [2021-04-26T17:41:20.309Z] <<< [apiv2][status] POST https://upload-firebasehosting.googleapis.com/upload/sites/covid-table-675ae/versions/ab9a2253954bdc4d/files/2b5fada986e363740b8c27429f7d9a64954770ed54a7b71377dcd92f94037862 200
[debug] [2021-04-26T17:41:20.309Z] <<< [apiv2][body] POST https://upload-firebasehosting.googleapis.com/upload/sites/covid-table-675ae/versions/ab9a2253954bdc4d/files/2b5fada986e363740b8c27429f7d9a64954770ed54a7b71377dcd92f94037862 [stream]
[debug] [2021-04-26T17:41:20.384Z] <<< [apiv2][status] POST https://upload-firebasehosting.googleapis.com/upload/sites/covid-table-675ae/versions/ab9a2253954bdc4d/files/2941142815a6465e0d10531542b6abe5ee181854bb5531d9b56a2d97fd26c6fd 200
[debug] [2021-04-26T17:41:20.385Z] <<< [apiv2][body] POST https://upload-firebasehosting.googleapis.com/upload/sites/covid-table-675ae/versions/ab9a2253954bdc4d/files/2941142815a6465e0d10531542b6abe5ee181854bb5531d9b56a2d97fd26c6fd [stream]
[debug] [2021-04-26T17:41:20.447Z] <<< [apiv2][status] POST https://upload-firebasehosting.googleapis.com/upload/sites/covid-table-675ae/versions/ab9a2253954bdc4d/files/c84e2cec0f325e8b7cd0714c8f1a1fcfc7408a4bb1647b4e49950cc66f1281e7 200
[debug] [2021-04-26T17:41:20.447Z] <<< [apiv2][body] POST https://upload-firebasehosting.googleapis.com/upload/sites/covid-table-675ae/versions/ab9a2253954bdc4d/files/c84e2cec0f325e8b7cd0714c8f1a1fcfc7408a4bb1647b4e49950cc66f1281e7 [stream]
[debug] [2021-04-26T17:41:20.618Z] <<< [apiv2][status] POST https://upload-firebasehosting.googleapis.com/upload/sites/covid-table-675ae/versions/ab9a2253954bdc4d/files/00345afc615933e8049a91126f84274ca50c3823197c40cf67bf04f70ad8adc6 200
[debug] [2021-04-26T17:41:20.618Z] <<< [apiv2][body] POST https://upload-firebasehosting.googleapis.com/upload/sites/covid-table-675ae/versions/ab9a2253954bdc4d/files/00345afc615933e8049a91126f84274ca50c3823197c40cf67bf04f70ad8adc6 [stream]
[debug] [2021-04-26T17:41:21.261Z] <<< [apiv2][status] POST https://upload-firebasehosting.googleapis.com/upload/sites/covid-table-675ae/versions/ab9a2253954bdc4d/files/8af01707571ce4456b75054f6a621ba9d1307819522a50a2c8d4ec9efc551cc4 200
[debug] [2021-04-26T17:41:21.261Z] <<< [apiv2][body] POST https://upload-firebasehosting.googleapis.com/upload/sites/covid-table-675ae/versions/ab9a2253954bdc4d/files/8af01707571ce4456b75054f6a621ba9d1307819522a50a2c8d4ec9efc551cc4 [stream]
[debug] [2021-04-26T17:41:21.266Z] <<< [apiv2][status] POST https://upload-firebasehosting.googleapis.com/upload/sites/covid-table-675ae/versions/ab9a2253954bdc4d/files/9529cc7031fc0953c514318653af0cca93eeb6c0deb5f75f8de0d4fdc635facf 200
[debug] [2021-04-26T17:41:21.266Z] <<< [apiv2][body] POST https://upload-firebasehosting.googleapis.com/upload/sites/covid-table-675ae/versions/ab9a2253954bdc4d/files/9529cc7031fc0953c514318653af0cca93eeb6c0deb5f75f8de0d4fdc635facf [stream]
[debug] [2021-04-26T17:41:21.385Z] <<< [apiv2][status] POST https://upload-firebasehosting.googleapis.com/upload/sites/covid-table-675ae/versions/ab9a2253954bdc4d/files/f7904c3bd2cbd2a4c946ca63b7ab560d9c6c55a3074a27a0483a0d3e3b0743b6 200
[debug] [2021-04-26T17:41:21.385Z] <<< [apiv2][body] POST https://upload-firebasehosting.googleapis.com/upload/sites/covid-table-675ae/versions/ab9a2253954bdc4d/files/f7904c3bd2cbd2a4c946ca63b7ab560d9c6c55a3074a27a0483a0d3e3b0743b6 [stream]
[debug] [2021-04-26T17:41:21.385Z] [hosting][upload queue][FINAL] {"max":2144,"min":760,"avg":1061.642857142857,"active":0,"complete":28,"success":28,"errored":0,"retried":0,"total":28,"elapsed":2147}
[info] ✔  hosting[covid-table-675ae]: file upload complete 
[debug] [2021-04-26T17:41:21.386Z] [hosting] deploy completed after 3949ms
[info] i  functions: updating Node.js 12 function nextServer(us-central1)... 
[debug] [2021-04-26T17:41:21.462Z] > refreshing access token with scopes: ["email","https://www.googleapis.com/auth/cloud-platform","https://www.googleapis.com/auth/cloudplatformprojects.readonly","https://www.googleapis.com/auth/firebase","openid"]
[debug] [2021-04-26T17:41:21.462Z] >>> HTTP REQUEST POST https://www.googleapis.com/oauth2/v3/token  
 <request body omitted>
[debug] [2021-04-26T17:41:21.546Z] <<< HTTP RESPONSE 200 {"date":"Mon, 26 Apr 2021 17:41:10 GMT","cache-control":"no-cache, no-store, max-age=0, must-revalidate","expires":"Mon, 01 Jan 1990 00:00:00 GMT","pragma":"no-cache","content-type":"application/json; charset=utf-8","vary":"X-Origin, Referer, Origin,Accept-Encoding","server":"scaffolding on HTTPServer2","x-xss-protection":"0","x-frame-options":"SAMEORIGIN","x-content-type-options":"nosniff","alt-svc":"h3-29=\":443\"; ma=2592000,h3-T051=\":443\"; ma=2592000,h3-Q050=\":443\"; ma=2592000,h3-Q046=\":443\"; ma=2592000,h3-Q043=\":443\"; ma=2592000,quic=\":443\"; ma=2592000; v=\"46,43\"","accept-ranges":"none","transfer-encoding":"chunked"}
[debug] [2021-04-26T17:41:21.558Z] >>> HTTP REQUEST PATCH https://cloudfunctions.googleapis.com/v1/projects/covid-table-675ae/locations/us-central1/functions/nextServer {"updateMask":"sourceUploadUrl,name,labels,runtime,availableMemoryMb,timeout,environmentVariables,httpsTrigger"} 
 {"sourceUploadUrl":"https://storage.googleapis.com/gcf-upload-us-central1-6686bbce-8caa-4fc4-9146-6b305cd69cc6/1bc3d480-5e92-41b1-9ad9-abcf6c3c23a5.zip?GoogleAccessId=service-648803578262@gcf-admin-robot.iam.gserviceaccount.com&Expires=1619460652&Signature=ftiqt2tdKEA%2B55p8%2Fm5G0ihuyNIFO8bW2a37BI7%2FEBygcD1jJf3glmXyxMh2eYhHpNuunwCb7ArOsYc3CBto%2BFzUtDtxno3GcrxDhSEEi%2F5eGXBoC6Bs68cOu6Y1Oed6cLmcL%2Biwf7WaGOFwIZqd%2B1bFLyVw%2BsCHps0XYTekD4T%2BS5ywUvJjBtDpjkk3tv5yJYeYbn%2BpZI4pHjLqXq9E6ePV36MhPHbmUe9tAaLXdS3ra3I5ypoTZEWlvWFKvgRzZ6w91OEIfkY%2BoPe7kFFiDk8D86BMb3BN%2F2f9LbumBzUoX0374Kot7F4Cp8JQTaInctLbPCL3VhtF7WFVCzJPgg%3D%3D","name":"projects/covid-table-675ae/locations/us-central1/functions/nextServer","labels":{"deployment-tool":"cli-firebase"},"httpsTrigger":{},"runtime":"nodejs12","availableMemoryMb":128,"timeout":"15s","environmentVariables":{"FIREBASE_CONFIG":"{\"projectId\":\"covid-table-675ae\",\"storageBucket\":\"covid-table-675ae.appspot.com\"}"}}
[debug] [2021-04-26T17:41:22.166Z] <<< HTTP RESPONSE 200 {"content-type":"application/json; charset=UTF-8","vary":"X-Origin, Referer, Origin,Accept-Encoding","date":"Mon, 26 Apr 2021 17:41:11 GMT","server":"ESF","cache-control":"private","x-xss-protection":"0","x-frame-options":"SAMEORIGIN","x-content-type-options":"nosniff","alt-svc":"h3-29=\":443\"; ma=2592000,h3-T051=\":443\"; ma=2592000,h3-Q050=\":443\"; ma=2592000,h3-Q046=\":443\"; ma=2592000,h3-Q043=\":443\"; ma=2592000,quic=\":443\"; ma=2592000; v=\"46,43\"","accept-ranges":"none","transfer-encoding":"chunked"}
[debug] [2021-04-26T17:41:22.167Z] > refreshing access token with scopes: []
[debug] [2021-04-26T17:41:22.167Z] >>> HTTP REQUEST POST https://www.googleapis.com/oauth2/v3/token  
 <request body omitted>
[debug] [2021-04-26T17:41:22.249Z] <<< HTTP RESPONSE 200 {"pragma":"no-cache","cache-control":"no-cache, no-store, max-age=0, must-revalidate","expires":"Mon, 01 Jan 1990 00:00:00 GMT","date":"Mon, 26 Apr 2021 17:41:11 GMT","content-type":"application/json; charset=utf-8","vary":"X-Origin, Referer, Origin,Accept-Encoding","server":"scaffolding on HTTPServer2","x-xss-protection":"0","x-frame-options":"SAMEORIGIN","x-content-type-options":"nosniff","alt-svc":"h3-29=\":443\"; ma=2592000,h3-T051=\":443\"; ma=2592000,h3-Q050=\":443\"; ma=2592000,h3-Q046=\":443\"; ma=2592000,h3-Q043=\":443\"; ma=2592000,quic=\":443\"; ma=2592000; v=\"46,43\"","accept-ranges":"none","transfer-encoding":"chunked"}
[debug] [2021-04-26T17:41:22.260Z] >>> [apiv2][query] GET https://cloudfunctions.googleapis.com/v1/operations/Y292aWQtdGFibGUtNjc1YWUvdXMtY2VudHJhbDEvbmV4dFNlcnZlci9YckpTWlRwR1JOQQ [none]
[debug] [2021-04-26T17:41:22.461Z] <<< [apiv2][status] GET https://cloudfunctions.googleapis.com/v1/operations/Y292aWQtdGFibGUtNjc1YWUvdXMtY2VudHJhbDEvbmV4dFNlcnZlci9YckpTWlRwR1JOQQ 200
[debug] [2021-04-26T17:41:22.461Z] <<< [apiv2][body] GET https://cloudfunctions.googleapis.com/v1/operations/Y292aWQtdGFibGUtNjc1YWUvdXMtY2VudHJhbDEvbmV4dFNlcnZlci9YckpTWlRwR1JOQQ {"name":"operations/Y292aWQtdGFibGUtNjc1YWUvdXMtY2VudHJhbDEvbmV4dFNlcnZlci9YckpTWlRwR1JOQQ","metadata":{"@type":"type.googleapis.com/google.cloud.functions.v1.OperationMetadataV1","target":"projects/covid-table-675ae/locations/us-central1/functions/nextServer","type":"UPDATE_FUNCTION","request":{"@type":"type.googleapis.com/google.cloud.functions.v1.CloudFunction","name":"projects/covid-table-675ae/locations/us-central1/functions/nextServer","httpsTrigger":{},"status":"ACTIVE","entryPoint":"nextServer","timeout":"15s","availableMemoryMb":128,"serviceAccountEmail":"covid-table-675ae@appspot.gserviceaccount.com","updateTime":"2021-04-22T14:51:00.107Z","versionId":"3","labels":{"deployment-tool":"cli-firebase"},"sourceUploadUrl":"https://storage.googleapis.com/gcf-upload-us-central1-6686bbce-8caa-4fc4-9146-6b305cd69cc6/1bc3d480-5e92-41b1-9ad9-abcf6c3c23a5.zip?GoogleAccessId=service-648803578262@gcf-admin-robot.iam.gserviceaccount.com&Expires=1619460652&Signature=ftiqt2tdKEA%2B55p8%2Fm5G0ihuyNIFO8bW2a37BI7%2FEBygcD1jJf3glmXyxMh2eYhHpNuunwCb7ArOsYc3CBto%2BFzUtDtxno3GcrxDhSEEi%2F5eGXBoC6Bs68cOu6Y1Oed6cLmcL%2Biwf7WaGOFwIZqd%2B1bFLyVw%2BsCHps0XYTekD4T%2BS5ywUvJjBtDpjkk3tv5yJYeYbn%2BpZI4pHjLqXq9E6ePV36MhPHbmUe9tAaLXdS3ra3I5ypoTZEWlvWFKvgRzZ6w91OEIfkY%2BoPe7kFFiDk8D86BMb3BN%2F2f9LbumBzUoX0374Kot7F4Cp8JQTaInctLbPCL3VhtF7WFVCzJPgg%3D%3D","environmentVariables":{"FIREBASE_CONFIG":"{\"projectId\":\"covid-table-675ae\",\"storageBucket\":\"covid-table-675ae.appspot.com\"}"},"runtime":"nodejs12","ingressSettings":"ALLOW_ALL","buildId":"8920a1ae-794c-41ad-b3b3-b1856c339591"},"versionId":"4","updateTime":"2021-04-26T17:41:11Z"}}
[debug] [2021-04-26T17:41:22.963Z] [update-projects/covid-table-675ae/locations/us-central1/functions/nextServer] Retrying task index 0
[debug] [2021-04-26T17:41:22.964Z] >>> [apiv2][query] GET https://cloudfunctions.googleapis.com/v1/operations/Y292aWQtdGFibGUtNjc1YWUvdXMtY2VudHJhbDEvbmV4dFNlcnZlci9YckpTWlRwR1JOQQ [none]
[debug] [2021-04-26T17:41:23.163Z] <<< [apiv2][status] GET https://cloudfunctions.googleapis.com/v1/operations/Y292aWQtdGFibGUtNjc1YWUvdXMtY2VudHJhbDEvbmV4dFNlcnZlci9YckpTWlRwR1JOQQ 200
[debug] [2021-04-26T17:41:23.164Z] <<< [apiv2][body] GET https://cloudfunctions.googleapis.com/v1/operations/Y292aWQtdGFibGUtNjc1YWUvdXMtY2VudHJhbDEvbmV4dFNlcnZlci9YckpTWlRwR1JOQQ {"name":"operations/Y292aWQtdGFibGUtNjc1YWUvdXMtY2VudHJhbDEvbmV4dFNlcnZlci9YckpTWlRwR1JOQQ","metadata":{"@type":"type.googleapis.com/google.cloud.functions.v1.OperationMetadataV1","target":"projects/covid-table-675ae/locations/us-central1/functions/nextServer","type":"UPDATE_FUNCTION","request":{"@type":"type.googleapis.com/google.cloud.functions.v1.CloudFunction","name":"projects/covid-table-675ae/locations/us-central1/functions/nextServer","httpsTrigger":{},"status":"ACTIVE","entryPoint":"nextServer","timeout":"15s","availableMemoryMb":128,"serviceAccountEmail":"covid-table-675ae@appspot.gserviceaccount.com","updateTime":"2021-04-22T14:51:00.107Z","versionId":"3","labels":{"deployment-tool":"cli-firebase"},"sourceUploadUrl":"https://storage.googleapis.com/gcf-upload-us-central1-6686bbce-8caa-4fc4-9146-6b305cd69cc6/1bc3d480-5e92-41b1-9ad9-abcf6c3c23a5.zip?GoogleAccessId=service-648803578262@gcf-admin-robot.iam.gserviceaccount.com&Expires=1619460652&Signature=ftiqt2tdKEA%2B55p8%2Fm5G0ihuyNIFO8bW2a37BI7%2FEBygcD1jJf3glmXyxMh2eYhHpNuunwCb7ArOsYc3CBto%2BFzUtDtxno3GcrxDhSEEi%2F5eGXBoC6Bs68cOu6Y1Oed6cLmcL%2Biwf7WaGOFwIZqd%2B1bFLyVw%2BsCHps0XYTekD4T%2BS5ywUvJjBtDpjkk3tv5yJYeYbn%2BpZI4pHjLqXq9E6ePV36MhPHbmUe9tAaLXdS3ra3I5ypoTZEWlvWFKvgRzZ6w91OEIfkY%2BoPe7kFFiDk8D86BMb3BN%2F2f9LbumBzUoX0374Kot7F4Cp8JQTaInctLbPCL3VhtF7WFVCzJPgg%3D%3D","environmentVariables":{"FIREBASE_CONFIG":"{\"projectId\":\"covid-table-675ae\",\"storageBucket\":\"covid-table-675ae.appspot.com\"}"},"runtime":"nodejs12","ingressSettings":"ALLOW_ALL","buildId":"8920a1ae-794c-41ad-b3b3-b1856c339591"},"versionId":"4","updateTime":"2021-04-26T17:41:11Z"}}
[debug] [2021-04-26T17:41:24.166Z] [update-projects/covid-table-675ae/locations/us-central1/functions/nextServer] Retrying task index 0
[debug] [2021-04-26T17:41:24.166Z] >>> [apiv2][query] GET https://cloudfunctions.googleapis.com/v1/operations/Y292aWQtdGFibGUtNjc1YWUvdXMtY2VudHJhbDEvbmV4dFNlcnZlci9YckpTWlRwR1JOQQ [none]
[debug] [2021-04-26T17:41:24.401Z] <<< [apiv2][status] GET https://cloudfunctions.googleapis.com/v1/operations/Y292aWQtdGFibGUtNjc1YWUvdXMtY2VudHJhbDEvbmV4dFNlcnZlci9YckpTWlRwR1JOQQ 200
[debug] [2021-04-26T17:41:24.401Z] <<< [apiv2][body] GET https://cloudfunctions.googleapis.com/v1/operations/Y292aWQtdGFibGUtNjc1YWUvdXMtY2VudHJhbDEvbmV4dFNlcnZlci9YckpTWlRwR1JOQQ {"name":"operations/Y292aWQtdGFibGUtNjc1YWUvdXMtY2VudHJhbDEvbmV4dFNlcnZlci9YckpTWlRwR1JOQQ","metadata":{"@type":"type.googleapis.com/google.cloud.functions.v1.OperationMetadataV1","target":"projects/covid-table-675ae/locations/us-central1/functions/nextServer","type":"UPDATE_FUNCTION","request":{"@type":"type.googleapis.com/google.cloud.functions.v1.CloudFunction","name":"projects/covid-table-675ae/locations/us-central1/functions/nextServer","httpsTrigger":{},"status":"ACTIVE","entryPoint":"nextServer","timeout":"15s","availableMemoryMb":128,"serviceAccountEmail":"covid-table-675ae@appspot.gserviceaccount.com","updateTime":"2021-04-22T14:51:00.107Z","versionId":"3","labels":{"deployment-tool":"cli-firebase"},"sourceUploadUrl":"https://storage.googleapis.com/gcf-upload-us-central1-6686bbce-8caa-4fc4-9146-6b305cd69cc6/1bc3d480-5e92-41b1-9ad9-abcf6c3c23a5.zip?GoogleAccessId=service-648803578262@gcf-admin-robot.iam.gserviceaccount.com&Expires=1619460652&Signature=ftiqt2tdKEA%2B55p8%2Fm5G0ihuyNIFO8bW2a37BI7%2FEBygcD1jJf3glmXyxMh2eYhHpNuunwCb7ArOsYc3CBto%2BFzUtDtxno3GcrxDhSEEi%2F5eGXBoC6Bs68cOu6Y1Oed6cLmcL%2Biwf7WaGOFwIZqd%2B1bFLyVw%2BsCHps0XYTekD4T%2BS5ywUvJjBtDpjkk3tv5yJYeYbn%2BpZI4pHjLqXq9E6ePV36MhPHbmUe9tAaLXdS3ra3I5ypoTZEWlvWFKvgRzZ6w91OEIfkY%2BoPe7kFFiDk8D86BMb3BN%2F2f9LbumBzUoX0374Kot7F4Cp8JQTaInctLbPCL3VhtF7WFVCzJPgg%3D%3D","environmentVariables":{"FIREBASE_CONFIG":"{\"projectId\":\"covid-table-675ae\",\"storageBucket\":\"covid-table-675ae.appspot.com\"}"},"runtime":"nodejs12","ingressSettings":"ALLOW_ALL","buildId":"8920a1ae-794c-41ad-b3b3-b1856c339591"},"versionId":"4","updateTime":"2021-04-26T17:41:11Z","buildId":"bbb73fcb-3678-4e3b-9c39-308413949dfe"}}
[debug] [2021-04-26T17:41:26.405Z] [update-projects/covid-table-675ae/locations/us-central1/functions/nextServer] Retrying task index 0
[debug] [2021-04-26T17:41:26.405Z] >>> [apiv2][query] GET https://cloudfunctions.googleapis.com/v1/operations/Y292aWQtdGFibGUtNjc1YWUvdXMtY2VudHJhbDEvbmV4dFNlcnZlci9YckpTWlRwR1JOQQ [none]
[debug] [2021-04-26T17:41:26.573Z] <<< [apiv2][status] GET https://cloudfunctions.googleapis.com/v1/operations/Y292aWQtdGFibGUtNjc1YWUvdXMtY2VudHJhbDEvbmV4dFNlcnZlci9YckpTWlRwR1JOQQ 200
[debug] [2021-04-26T17:41:26.573Z] <<< [apiv2][body] GET https://cloudfunctions.googleapis.com/v1/operations/Y292aWQtdGFibGUtNjc1YWUvdXMtY2VudHJhbDEvbmV4dFNlcnZlci9YckpTWlRwR1JOQQ {"name":"operations/Y292aWQtdGFibGUtNjc1YWUvdXMtY2VudHJhbDEvbmV4dFNlcnZlci9YckpTWlRwR1JOQQ","metadata":{"@type":"type.googleapis.com/google.cloud.functions.v1.OperationMetadataV1","target":"projects/covid-table-675ae/locations/us-central1/functions/nextServer","type":"UPDATE_FUNCTION","request":{"@type":"type.googleapis.com/google.cloud.functions.v1.CloudFunction","name":"projects/covid-table-675ae/locations/us-central1/functions/nextServer","httpsTrigger":{},"status":"ACTIVE","entryPoint":"nextServer","timeout":"15s","availableMemoryMb":128,"serviceAccountEmail":"covid-table-675ae@appspot.gserviceaccount.com","updateTime":"2021-04-22T14:51:00.107Z","versionId":"3","labels":{"deployment-tool":"cli-firebase"},"sourceUploadUrl":"https://storage.googleapis.com/gcf-upload-us-central1-6686bbce-8caa-4fc4-9146-6b305cd69cc6/1bc3d480-5e92-41b1-9ad9-abcf6c3c23a5.zip?GoogleAccessId=service-648803578262@gcf-admin-robot.iam.gserviceaccount.com&Expires=1619460652&Signature=ftiqt2tdKEA%2B55p8%2Fm5G0ihuyNIFO8bW2a37BI7%2FEBygcD1jJf3glmXyxMh2eYhHpNuunwCb7ArOsYc3CBto%2BFzUtDtxno3GcrxDhSEEi%2F5eGXBoC6Bs68cOu6Y1Oed6cLmcL%2Biwf7WaGOFwIZqd%2B1bFLyVw%2BsCHps0XYTekD4T%2BS5ywUvJjBtDpjkk3tv5yJYeYbn%2BpZI4pHjLqXq9E6ePV36MhPHbmUe9tAaLXdS3ra3I5ypoTZEWlvWFKvgRzZ6w91OEIfkY%2BoPe7kFFiDk8D86BMb3BN%2F2f9LbumBzUoX0374Kot7F4Cp8JQTaInctLbPCL3VhtF7WFVCzJPgg%3D%3D","environmentVariables":{"FIREBASE_CONFIG":"{\"projectId\":\"covid-table-675ae\",\"storageBucket\":\"covid-table-675ae.appspot.com\"}"},"runtime":"nodejs12","ingressSettings":"ALLOW_ALL","buildId":"8920a1ae-794c-41ad-b3b3-b1856c339591"},"versionId":"4","updateTime":"2021-04-26T17:41:11Z","buildId":"bbb73fcb-3678-4e3b-9c39-308413949dfe"}}
[debug] [2021-04-26T17:41:30.574Z] [update-projects/covid-table-675ae/locations/us-central1/functions/nextServer] Retrying task index 0
[debug] [2021-04-26T17:41:30.575Z] >>> [apiv2][query] GET https://cloudfunctions.googleapis.com/v1/operations/Y292aWQtdGFibGUtNjc1YWUvdXMtY2VudHJhbDEvbmV4dFNlcnZlci9YckpTWlRwR1JOQQ [none]
[debug] [2021-04-26T17:41:30.824Z] <<< [apiv2][status] GET https://cloudfunctions.googleapis.com/v1/operations/Y292aWQtdGFibGUtNjc1YWUvdXMtY2VudHJhbDEvbmV4dFNlcnZlci9YckpTWlRwR1JOQQ 200
[debug] [2021-04-26T17:41:30.824Z] <<< [apiv2][body] GET https://cloudfunctions.googleapis.com/v1/operations/Y292aWQtdGFibGUtNjc1YWUvdXMtY2VudHJhbDEvbmV4dFNlcnZlci9YckpTWlRwR1JOQQ {"name":"operations/Y292aWQtdGFibGUtNjc1YWUvdXMtY2VudHJhbDEvbmV4dFNlcnZlci9YckpTWlRwR1JOQQ","metadata":{"@type":"type.googleapis.com/google.cloud.functions.v1.OperationMetadataV1","target":"projects/covid-table-675ae/locations/us-central1/functions/nextServer","type":"UPDATE_FUNCTION","request":{"@type":"type.googleapis.com/google.cloud.functions.v1.CloudFunction","name":"projects/covid-table-675ae/locations/us-central1/functions/nextServer","httpsTrigger":{},"status":"ACTIVE","entryPoint":"nextServer","timeout":"15s","availableMemoryMb":128,"serviceAccountEmail":"covid-table-675ae@appspot.gserviceaccount.com","updateTime":"2021-04-22T14:51:00.107Z","versionId":"3","labels":{"deployment-tool":"cli-firebase"},"sourceUploadUrl":"https://storage.googleapis.com/gcf-upload-us-central1-6686bbce-8caa-4fc4-9146-6b305cd69cc6/1bc3d480-5e92-41b1-9ad9-abcf6c3c23a5.zip?GoogleAccessId=service-648803578262@gcf-admin-robot.iam.gserviceaccount.com&Expires=1619460652&Signature=ftiqt2tdKEA%2B55p8%2Fm5G0ihuyNIFO8bW2a37BI7%2FEBygcD1jJf3glmXyxMh2eYhHpNuunwCb7ArOsYc3CBto%2BFzUtDtxno3GcrxDhSEEi%2F5eGXBoC6Bs68cOu6Y1Oed6cLmcL%2Biwf7WaGOFwIZqd%2B1bFLyVw%2BsCHps0XYTekD4T%2BS5ywUvJjBtDpjkk3tv5yJYeYbn%2BpZI4pHjLqXq9E6ePV36MhPHbmUe9tAaLXdS3ra3I5ypoTZEWlvWFKvgRzZ6w91OEIfkY%2BoPe7kFFiDk8D86BMb3BN%2F2f9LbumBzUoX0374Kot7F4Cp8JQTaInctLbPCL3VhtF7WFVCzJPgg%3D%3D","environmentVariables":{"FIREBASE_CONFIG":"{\"projectId\":\"covid-table-675ae\",\"storageBucket\":\"covid-table-675ae.appspot.com\"}"},"runtime":"nodejs12","ingressSettings":"ALLOW_ALL","buildId":"8920a1ae-794c-41ad-b3b3-b1856c339591"},"versionId":"4","updateTime":"2021-04-26T17:41:11Z","buildId":"bbb73fcb-3678-4e3b-9c39-308413949dfe"}}
[debug] [2021-04-26T17:41:38.832Z] [update-projects/covid-table-675ae/locations/us-central1/functions/nextServer] Retrying task index 0
[debug] [2021-04-26T17:41:38.833Z] >>> [apiv2][query] GET https://cloudfunctions.googleapis.com/v1/operations/Y292aWQtdGFibGUtNjc1YWUvdXMtY2VudHJhbDEvbmV4dFNlcnZlci9YckpTWlRwR1JOQQ [none]
[debug] [2021-04-26T17:41:39.048Z] <<< [apiv2][status] GET https://cloudfunctions.googleapis.com/v1/operations/Y292aWQtdGFibGUtNjc1YWUvdXMtY2VudHJhbDEvbmV4dFNlcnZlci9YckpTWlRwR1JOQQ 200
[debug] [2021-04-26T17:41:39.048Z] <<< [apiv2][body] GET https://cloudfunctions.googleapis.com/v1/operations/Y292aWQtdGFibGUtNjc1YWUvdXMtY2VudHJhbDEvbmV4dFNlcnZlci9YckpTWlRwR1JOQQ {"name":"operations/Y292aWQtdGFibGUtNjc1YWUvdXMtY2VudHJhbDEvbmV4dFNlcnZlci9YckpTWlRwR1JOQQ","metadata":{"@type":"type.googleapis.com/google.cloud.functions.v1.OperationMetadataV1","target":"projects/covid-table-675ae/locations/us-central1/functions/nextServer","type":"UPDATE_FUNCTION","request":{"@type":"type.googleapis.com/google.cloud.functions.v1.CloudFunction","name":"projects/covid-table-675ae/locations/us-central1/functions/nextServer","httpsTrigger":{},"status":"ACTIVE","entryPoint":"nextServer","timeout":"15s","availableMemoryMb":128,"serviceAccountEmail":"covid-table-675ae@appspot.gserviceaccount.com","updateTime":"2021-04-22T14:51:00.107Z","versionId":"3","labels":{"deployment-tool":"cli-firebase"},"sourceUploadUrl":"https://storage.googleapis.com/gcf-upload-us-central1-6686bbce-8caa-4fc4-9146-6b305cd69cc6/1bc3d480-5e92-41b1-9ad9-abcf6c3c23a5.zip?GoogleAccessId=service-648803578262@gcf-admin-robot.iam.gserviceaccount.com&Expires=1619460652&Signature=ftiqt2tdKEA%2B55p8%2Fm5G0ihuyNIFO8bW2a37BI7%2FEBygcD1jJf3glmXyxMh2eYhHpNuunwCb7ArOsYc3CBto%2BFzUtDtxno3GcrxDhSEEi%2F5eGXBoC6Bs68cOu6Y1Oed6cLmcL%2Biwf7WaGOFwIZqd%2B1bFLyVw%2BsCHps0XYTekD4T%2BS5ywUvJjBtDpjkk3tv5yJYeYbn%2BpZI4pHjLqXq9E6ePV36MhPHbmUe9tAaLXdS3ra3I5ypoTZEWlvWFKvgRzZ6w91OEIfkY%2BoPe7kFFiDk8D86BMb3BN%2F2f9LbumBzUoX0374Kot7F4Cp8JQTaInctLbPCL3VhtF7WFVCzJPgg%3D%3D","environmentVariables":{"FIREBASE_CONFIG":"{\"projectId\":\"covid-table-675ae\",\"storageBucket\":\"covid-table-675ae.appspot.com\"}"},"runtime":"nodejs12","ingressSettings":"ALLOW_ALL","buildId":"8920a1ae-794c-41ad-b3b3-b1856c339591"},"versionId":"4","updateTime":"2021-04-26T17:41:11Z","buildId":"bbb73fcb-3678-4e3b-9c39-308413949dfe"}}
